<?xml version="1.0" encoding="UTF-8" ?>
<testsuite errors="0" failures="0" hostname="Abdulazizs-MacBook-Pro.local" name="cruise.umple.compiler.UmpleParserStateMachineTest" skipped="0" tests="122" time="1.008" timestamp="2021-10-26T14:40:07">
  <properties>
    <property name="ant.library.dir" value="/usr/local/Cellar/ant/1.10.9/libexec/lib" />
    <property name="env.TERM" value="xterm-256color" />
    <property name="java.specification.version" value="15" />
    <property name="ant.project.name" value="UmpleCore" />
    <property name="ant.file.type.UmpleCore" value="file" />
    <property name="sun.jnu.encoding" value="UTF-8" />
    <property name="ant.file.type.LocalBuildProperties" value="file" />
    <property name="env.SDKMAN_CANDIDATES_API" value="https://api.sdkman.io/2" />
    <property name="sun.arch.data.model" value="64" />
    <property name="dist.umple.docs.jar.prev" value="umpledocs-1.31.1.5860.78bb27cc6.jar" />
    <property name="rake_cmd" value="rake" />
    <property name="showJunitOutput" value="false" />
    <property name="umple.deps.dir" value="/Users/abdulaziz/tmp/umple/dist/libs" />
    <property name="java.vendor.url" value="https://openjdk.java.net/" />
    <property name="dist.libs.dir" value="/Users/abdulaziz/tmp/umple/dist/libs" />
    <property name="sun.boot.library.path" value="/usr/local/Cellar/openjdk/15.0.1/libexec/openjdk.jdk/Contents/Home/lib" />
    <property name="sun.java.command" value="org.apache.tools.ant.taskdefs.optional.junit.JUnitTestRunner testsfile=/Users/abdulaziz/tmp/umple/junittestcases17207971584170290149.properties skipNonTests=false filtertrace=true haltOnError=false haltOnFailure=false showoutput=false outputtoformatters=true logfailedtests=true threadid=0 logtestlistenerevents=false formatter=org.apache.tools.ant.taskdefs.optional.junit.XMLJUnitResultFormatter,/Users/abdulaziz/tmp/umple/dist/qa/cruise.umple/IGNORETHIS.xml crashfile=/Users/abdulaziz/tmp/umple/junitvmwatcher18025810772324144422.properties propsfile=/Users/abdulaziz/tmp/umple/junit11904736065030654403.properties" />
    <property name="jdk.debug" value="release" />
    <property name="java.specification.vendor" value="Oracle Corporation" />
    <property name="test.output.path" value="/Users/abdulaziz/tmp/umple/dist/qa/cruise.umple" />
    <property name="env.JAVA_HOME" value="/usr/local/opt/openjdk" />
    <property name="java.version.date" value="2020-10-20" />
    <property name="java.home" value="/usr/local/Cellar/openjdk/15.0.1/libexec/openjdk.jdk/Contents/Home" />
    <property name="basedir" value="/Users/abdulaziz/tmp/umple" />
    <property name="file.separator" value="/" />
    <property name="java.vm.compressedOopsMode" value="Zero based" />
    <property name="line.separator" value="&#xa;" />
    <property name="ivy.jar.file" value="/Users/abdulaziz/.ant/lib/ivy-2.4.0.jar" />
    <property name="java.specification.name" value="Java Platform API Specification" />
    <property name="java.vm.specification.vendor" value="Oracle Corporation" />
    <property name="ant.file.Template" value="/Users/abdulaziz/tmp/umple/build/_template.xml" />
    <property name="dist.umple.stats.jar" value="umplestats-1.31.1.5860.78bb27cc6.jar" />
    <property name="ivyRetrieveLogLevel" value="quiet" />
    <property name="sun.management.compiler" value="HotSpot 64-Bit Tiered Compilers" />
    <property name="java.runtime.version" value="15.0.1+9" />
    <property name="env.TERM_PROGRAM_VERSION" value="440" />
    <property name="user.name" value="abdulaziz" />
    <property name="env.PATH" value="/Users/abdulaziz/.sdkman/candidates/gradle/current/bin:/Library/Frameworks/Python.framework/Versions/3.9/bin:/usr/local/bin:/usr/bin:/bin:/usr/sbin:/sbin:/opt/X11/bin:/Library/Apple/usr/bin:/Library/Frameworks/Mono.framework/Versions/Current/Commands" />
    <property name="env.LOGNAME" value="abdulaziz" />
    <property name="env.XPC_FLAGS" value="0x0" />
    <property name="env.__CF_USER_TEXT_ENCODING" value="0x1F5:0x0:0x0" />
    <property name="file.encoding" value="UTF-8" />
    <property name="env.__CFBundleIdentifier" value="com.apple.Terminal" />
    <property name="env.TERM_SESSION_ID" value="20D2790F-0FEC-4CCB-A10B-030C8F4ED298" />
    <property name="umple.stable.jar" value="/Users/abdulaziz/tmp/umple/dist/libs/umple-1.31.1.5860.78bb27cc6.jar" />
    <property name="haltonfailure" value="false" />
    <property name="connectionTimeout" value="30" />
    <property name="env.SHLVL" value="1" />
    <property name="dist.dir" value="/Users/abdulaziz/tmp/umple/dist" />
    <property name="dist.path" value="/Users/abdulaziz/tmp/umple/dist/cruise.umple" />
    <property name="env.JAVA_MAIN_CLASS_4859" value="org.apache.tools.ant.launch.Launcher" />
    <property name="java.io.tmpdir" value="/var/folders/fm/7tjk7l8154x840c6vvrs49p40000gn/T/" />
    <property name="umple.ivy.dep.file" value="/Users/abdulaziz/tmp/umple/build/ivy.xml" />
    <property name="dist.umple.run.jar.prev" value="umplerun-1.31.1.5860.78bb27cc6.jar" />
    <property name="dist.umple.jar" value="umple-1.31.1.5860.78bb27cc6.jar" />
    <property name="java.version" value="15.0.1" />
    <property name="env.SSH_AUTH_SOCK" value="/private/tmp/com.apple.launchd.qK4l0KXsgu/Listeners" />
    <property name="java.vm.specification.name" value="Java Virtual Machine Specification" />
    <property name="ant.home" value="/usr/local/Cellar/ant/1.10.9/libexec" />
    <property name="ant.file.type.UmpleDeps" value="file" />
    <property name="env.SDKMAN_DIR" value="/Users/abdulaziz/.sdkman" />
    <property name="ant.version" value="Apache Ant(TM) version 1.10.9 compiled on September 27 2020" />
    <property name="env.TMPDIR" value="/var/folders/fm/7tjk7l8154x840c6vvrs49p40000gn/T/" />
    <property name="env.SDKMAN_PLATFORM" value="darwinx64" />
    <property name="java.library.path" value="/Users/abdulaziz/Library/Java/Extensions:/Library/Java/Extensions:/Network/Library/Java/Extensions:/System/Library/Java/Extensions:/usr/lib/java:." />
    <property name="java.vendor" value="N/A" />
    <property name="shouldPackageUmpleOnline" value="false" />
    <property name="dist.umple.validator.jar" value="umplevalidator-1.31.1.5860.78bb27cc6.jar" />
    <property name="sun.io.unicode.encoding" value="UnicodeBig" />
    <property name="jopt-simple.install.version" value="4.4" />
    <property name="socksNonProxyHosts" value="local|*.local|169.254/16|*.169.254/16" />
    <property name="env.SDKMAN_CANDIDATES_DIR" value="/Users/abdulaziz/.sdkman/candidates" />
    <property name="env.TERM_PROGRAM" value="Apple_Terminal" />
    <property name="vendors.path" value="/Users/abdulaziz/tmp/umple/dist/libs/vendors" />
    <property name="env.PWD" value="/Users/abdulaziz/tmp/umple/build" />
    <property name="ant.file.type" value="file" />
    <property name="last.version" value="1.31.1.5860.78bb27cc6" />
    <property name="env.LANG" value="en_CA.UTF-8" />
    <property name="ant.file.type.VersionLast" value="file" />
    <property name="java.class.path" value="/Users/abdulaziz/tmp/umple/cruise.umple/bin:/Users/abdulaziz/tmp/umple/dist/libs/core/ant-launcher.jar:/Users/abdulaziz/tmp/umple/dist/libs/core/ant.jar:/Users/abdulaziz/tmp/umple/dist/libs/core/jopt-simple.jar:/Users/abdulaziz/tmp/umple/dist/libs/test/hamcrest-core.jar:/Users/abdulaziz/tmp/umple/dist/libs/test/junit.jar:/Users/abdulaziz/.ant/lib/junit.jar:/usr/local/Cellar/ant/1.10.9/libexec/lib/ant-launcher.jar:/usr/local/Cellar/ant/1.10.9/libexec/lib/ant.jar:/usr/local/Cellar/ant/1.10.9/libexec/lib/ant-junit.jar:/usr/local/Cellar/ant/1.10.9/libexec/lib/ant-junit4.jar" />
    <property name="env.HOME" value="/Users/abdulaziz" />
    <property name="java.vm.vendor" value="Oracle Corporation" />
    <property name="env.GRADLE_HOME" value="/Users/abdulaziz/.sdkman/candidates/gradle/current" />
    <property name="xtext.project.path" value="cruise.umple.xtext" />
    <property name="ant.file.type.Template" value="file" />
    <property name="user.timezone" value="America/Toronto" />
    <property name="project.path" value="cruise.umple" />
    <property name="ant.file.UmpleDeps" value="/Users/abdulaziz/tmp/umple/build/build.deps.xml" />
    <property name="java.vm.specification.version" value="15" />
    <property name="os.name" value="Mac OS X" />
    <property name="env.DISPLAY" value="/private/tmp/com.apple.launchd.8VZUm1G4zQ/org.xquartz:0" />
    <property name="dist.umple.sync.jar" value="umplesync-1.31.1.5860.78bb27cc6.jar" />
    <property name="sun.java.launcher" value="SUN_STANDARD" />
    <property name="user.country" value="CA" />
    <property name="dist.umple.run.jar" value="umplerun-1.31.1.5860.78bb27cc6.jar" />
    <property name="http.nonProxyHosts" value="local|*.local|169.254/16|*.169.254/16" />
    <property name="sun.cpu.endian" value="little" />
    <property name="user.home" value="/Users/abdulaziz" />
    <property name="user.language" value="en" />
    <property name="ivy.install.version" value="2.4.0" />
    <property name="ant.java.version" value="15" />
    <property name="ant.file.type.Umple" value="file" />
    <property name="showJunitSummary" value="false" />
    <property name="bin.path" value="cruise.umple/bin" />
    <property name="umple.version" value="1.31.1.5860.78bb27cc6" />
    <property name="dist.umple.sync.jar.prev" value="umplesync-1.31.1.5860.78bb27cc6.jar" />
    <property name="ivyResolveLogLevel" value="download-only" />
    <property name="env.XPC_SERVICE_NAME" value="0" />
    <property name="user.home.ant" value="/Users/abdulaziz/.ant/lib" />
    <property name="ftp.nonProxyHosts" value="local|*.local|169.254/16|*.169.254/16" />
    <property name="is.osx" value="true" />
    <property name="dist.umple.stats.jar.prev" value="umplestats-1.31.1.5860.78bb27cc6.jar" />
    <property name="ant.file" value="/Users/abdulaziz/tmp/umple/build/build.umple.xml" />
    <property name="path.separator" value=":" />
    <property name="dist.umple.umplificator.jar.prev" value="umpleumplificator-1.31.1.5860.78bb27cc6.jar" />
    <property name="os.version" value="11.6" />
    <property name="ant.file.VersionLast" value="/Users/abdulaziz/tmp/umple/build/_versionLast.xml" />
    <property name="ant.file.Umple" value="/Users/abdulaziz/tmp/umple/build/build.xml" />
    <property name="java.runtime.name" value="OpenJDK Runtime Environment" />
    <property name="dist.umple.docs.jar" value="umpledocs-1.31.1.5860.78bb27cc6.jar" />
    <property name="ant.project.invoked-targets" value="template.test" />
    <property name="dist.umple.umplificator.jar" value="umpleumplificator-1.31.1.5860.78bb27cc6.jar" />
    <property name="java.vm.name" value="OpenJDK 64-Bit Server VM" />
    <property name="ant.file.LocalBuildProperties" value="/Users/abdulaziz/tmp/umple/build/_local.xml" />
    <property name="env.SHELL" value="/bin/zsh" />
    <property name="ant.core.lib" value="/usr/local/Cellar/ant/1.10.9/libexec/lib/ant.jar" />
    <property name="java.vendor.url.bug" value="https://bugreport.java.com/bugreport/" />
    <property name="junit" value="*Test" />
    <property name="user.dir" value="/Users/abdulaziz/tmp/umple/build" />
    <property name="os.arch" value="x86_64" />
    <property name="env.SDKMAN_VERSION" value="5.11.5+713" />
    <property name="shouldDeploy" value="false" />
    <property name="dist.umple.validator.jar.prev" value="umplevalidator-1.31.1.5860.78bb27cc6.jar" />
    <property name="java.vm.info" value="mixed mode, sharing" />
    <property name="java.vm.version" value="15.0.1+9" />
    <property name="ant.file.UmpleCore" value="/Users/abdulaziz/tmp/umple/build/build.umple.xml" />
    <property name="online" value="true" />
    <property name="myenv" value="local" />
    <property name="umple.deps.manual.dir" value="/Users/abdulaziz/tmp/umple/dist/libs/manual" />
    <property name="env.USER" value="abdulaziz" />
    <property name="java.class.version" value="59.0" />
    <property name="first.build" value="false" />
    <property name="dist.umple.jar.prev" value="umple-1.31.1.5860.78bb27cc6.jar" />
    <property name="ant.project.default-target" value="build" />
  </properties>
  <testcase classname="cruise.umple.compiler.UmpleParserStateMachineTest" name="activeBlock_MultiLanguagePositions" time="0.011" />
  <testcase classname="cruise.umple.compiler.UmpleParserStateMachineTest" name="sameEvent_TwoStates" time="0.004" />
  <testcase classname="cruise.umple.compiler.UmpleParserStateMachineTest" name="twoState_StateMachineGraph_BFS" time="0.004" />
  <testcase classname="cruise.umple.compiler.UmpleParserStateMachineTest" name="twoState_StateMachineGraph_DFS" time="0.001" />
  <testcase classname="cruise.umple.compiler.UmpleParserStateMachineTest" name="stateMachine_unspecifiedReception" time="0.001" />
  <testcase classname="cruise.umple.compiler.UmpleParserStateMachineTest" name="walkGraphTwice_StateMachineGraph_ClearNodes" time="0.001" />
  <testcase classname="cruise.umple.compiler.UmpleParserStateMachineTest" name="nested_StateMachineGraph_ClearNodes" time="0.003" />
  <testcase classname="cruise.umple.compiler.UmpleParserStateMachineTest" name="handleBooleanValueComparisonGuard" time="0.011" />
  <testcase classname="cruise.umple.compiler.UmpleParserStateMachineTest" name="twoStateMachinesSameEvent" time="0.007" />
  <testcase classname="cruise.umple.compiler.UmpleParserStateMachineTest" name="transitionAction" time="0.001" />
  <testcase classname="cruise.umple.compiler.UmpleParserStateMachineTest" name="finalState" time="0.001" />
  <testcase classname="cruise.umple.compiler.UmpleParserStateMachineTest" name="Nested_TwoStatesComplex" time="0.002" />
  <testcase classname="cruise.umple.compiler.UmpleParserStateMachineTest" name="queuedStateMachine_pooledStateMachine_noEvents" time="0.008" />
  <testcase classname="cruise.umple.compiler.UmpleParserStateMachineTest" name="activeBlock_NamingOverMultiClasses" time="0.004" />
  <testcase classname="cruise.umple.compiler.UmpleParserStateMachineTest" name="emptyAndNonEmptyStates" time="0.003" />
  <testcase classname="cruise.umple.compiler.UmpleParserStateMachineTest" name="conflictingAutoTransitionsToStatesNested" time="0.003" />
  <testcase classname="cruise.umple.compiler.UmpleParserStateMachineTest" name="Nested_realExample2" time="0.007" />
  <testcase classname="cruise.umple.compiler.UmpleParserStateMachineTest" name="eventWithArgument" time="0.004" />
  <testcase classname="cruise.umple.compiler.UmpleParserStateMachineTest" name="unreachableState_StateMachineGraph_BFS" time="0.001" />
  <testcase classname="cruise.umple.compiler.UmpleParserStateMachineTest" name="unreachableState_StateMachineGraph_DFS" time="0.001" />
  <testcase classname="cruise.umple.compiler.UmpleParserStateMachineTest" name="Concurrent_OneSm" time="0.001" />
  <testcase classname="cruise.umple.compiler.UmpleParserStateMachineTest" name="Concurrent_TwoSm" time="0.001" />
  <testcase classname="cruise.umple.compiler.UmpleParserStateMachineTest" name="stateNameIsFinal" time="0.001" />
  <testcase classname="cruise.umple.compiler.UmpleParserStateMachineTest" name="oneStateNoEventStateMachine" time="0.001" />
  <testcase classname="cruise.umple.compiler.UmpleParserStateMachineTest" name="oneState_StateMachineGraph_BFS" time="0.001" />
  <testcase classname="cruise.umple.compiler.UmpleParserStateMachineTest" name="oneState_StateMachineGraph_DFS" time="0.001" />
  <testcase classname="cruise.umple.compiler.UmpleParserStateMachineTest" name="stateMachineComments" time="0.002" />
  <testcase classname="cruise.umple.compiler.UmpleParserStateMachineTest" name="activeBlock_ActivityPositions" time="0.004" />
  <testcase classname="cruise.umple.compiler.UmpleParserStateMachineTest" name="smAfterWithGuard" time="0.006" />
  <testcase classname="cruise.umple.compiler.UmpleParserStateMachineTest" name="eventsWithInconsistentArguments" time="0.007" />
  <testcase classname="cruise.umple.compiler.UmpleParserStateMachineTest" name="activeBlock_supportingLanguageSpecific" time="0.001" />
  <testcase classname="cruise.umple.compiler.UmpleParserStateMachineTest" name="pooledStateMachines_and_EmptyRegularStateMachine" time="0.002" />
  <testcase classname="cruise.umple.compiler.UmpleParserStateMachineTest" name="concurrentFinals" time="0.002" />
  <testcase classname="cruise.umple.compiler.UmpleParserStateMachineTest" name="dotNotationInvalid" time="0.005" />
  <testcase classname="cruise.umple.compiler.UmpleParserStateMachineTest" name="handleBangInGuard2" time="0.183" />
  <testcase classname="cruise.umple.compiler.UmpleParserStateMachineTest" name="addEvent" time="0.004" />
  <testcase classname="cruise.umple.compiler.UmpleParserStateMachineTest" name="c6_StateMachineGraph_ClearNodes" time="0.003" />
  <testcase classname="cruise.umple.compiler.UmpleParserStateMachineTest" name="transitionNextState" time="0.001" />
  <testcase classname="cruise.umple.compiler.UmpleParserStateMachineTest" name="c6_StateMachineGraph_BFS" time="0.001" />
  <testcase classname="cruise.umple.compiler.UmpleParserStateMachineTest" name="c6_StateMachineGraph_DFS" time="0.001" />
  <testcase classname="cruise.umple.compiler.UmpleParserStateMachineTest" name="activeBlock" time="0.001" />
  <testcase classname="cruise.umple.compiler.UmpleParserStateMachineTest" name="finalStateWithAction" time="0.002" />
  <testcase classname="cruise.umple.compiler.UmpleParserStateMachineTest" name="Nested_oneState" time="0.0" />
  <testcase classname="cruise.umple.compiler.UmpleParserStateMachineTest" name="transitionWithInvalidGuard" time="0.002" />
  <testcase classname="cruise.umple.compiler.UmpleParserStateMachineTest" name="finalStateReservedWord" time="0.001" />
  <testcase classname="cruise.umple.compiler.UmpleParserStateMachineTest" name="invalidHistoryStateTransition" time="0.011" />
  <testcase classname="cruise.umple.compiler.UmpleParserStateMachineTest" name="dotNotationAtLevelAbove" time="0.002" />
  <testcase classname="cruise.umple.compiler.UmpleParserStateMachineTest" name="stateWithInvalidName" time="0.023" />
  <testcase classname="cruise.umple.compiler.UmpleParserStateMachineTest" name="nullStartState_StateMachineGraph_DFS" time="0.0" />
  <testcase classname="cruise.umple.compiler.UmpleParserStateMachineTest" name="oneStateOneGuardBefore" time="0.005" />
  <testcase classname="cruise.umple.compiler.UmpleParserStateMachineTest" name="semicolonStateMachine" time="0.002" />
  <testcase classname="cruise.umple.compiler.UmpleParserStateMachineTest" name="queuedStateMachines_and_EmptyRegularStateMachine" time="0.001" />
  <testcase classname="cruise.umple.compiler.UmpleParserStateMachineTest" name="nested_StateMachineGraph_BFS" time="0.005" />
  <testcase classname="cruise.umple.compiler.UmpleParserStateMachineTest" name="nested_StateMachineGraph_DFS" time="0.002" />
  <testcase classname="cruise.umple.compiler.UmpleParserStateMachineTest" name="transitionToUnknownState" time="0.006" />
  <testcase classname="cruise.umple.compiler.UmpleParserStateMachineTest" name="oneStateOneExit" time="0.001" />
  <testcase classname="cruise.umple.compiler.UmpleParserStateMachineTest" name="doubleNested_twoLevels_StateMachineGraph_ClearNodes" time="0.016" />
  <testcase classname="cruise.umple.compiler.UmpleParserStateMachineTest" name="finalStateInOneConcurrentRegion" time="0.005" />
  <testcase classname="cruise.umple.compiler.UmpleParserStateMachineTest" name="removeEvent" time="0.002" />
  <testcase classname="cruise.umple.compiler.UmpleParserStateMachineTest" name="conflictingAutoTransitionsToStatesAfterDo" time="0.006" />
  <testcase classname="cruise.umple.compiler.UmpleParserStateMachineTest" name="OnOffTimer" time="0.003" />
  <testcase classname="cruise.umple.compiler.UmpleParserStateMachineTest" name="oneStateManyEntry" time="0.005" />
  <testcase classname="cruise.umple.compiler.UmpleParserStateMachineTest" name="removeState" time="0.002" />
  <testcase classname="cruise.umple.compiler.UmpleParserStateMachineTest" name="twoStateLoop_StateMachineGraph_BFS" time="0.003" />
  <testcase classname="cruise.umple.compiler.UmpleParserStateMachineTest" name="twoStateLoop_StateMachineGraph_DFS" time="0.002" />
  <testcase classname="cruise.umple.compiler.UmpleParserStateMachineTest" name="doubleNested_twoLevels_StateMachineGraph_BFS" time="0.011" />
  <testcase classname="cruise.umple.compiler.UmpleParserStateMachineTest" name="doubleNested_twoLevels_StateMachineGraph_DFS" time="0.019" />
  <testcase classname="cruise.umple.compiler.UmpleParserStateMachineTest" name="autoTransition_existingEntryAction" time="0.003" />
  <testcase classname="cruise.umple.compiler.UmpleParserStateMachineTest" name="mixStateMachine" time="0.023" />
  <testcase classname="cruise.umple.compiler.UmpleParserStateMachineTest" name="stateMachineDefinition" time="0.001" />
  <testcase classname="cruise.umple.compiler.UmpleParserStateMachineTest" name="pooledStateMachine_UnspecifiedReception" time="0.004" />
  <testcase classname="cruise.umple.compiler.UmpleParserStateMachineTest" name="twoStateNoEventStateMachine" time="0.001" />
  <testcase classname="cruise.umple.compiler.UmpleParserStateMachineTest" name="transitionWithGuardAndAction" time="0.003" />
  <testcase classname="cruise.umple.compiler.UmpleParserStateMachineTest" name="verifyDuplicateGuards" time="0.023" />
  <testcase classname="cruise.umple.compiler.UmpleParserStateMachineTest" name="doubleNested_StateMachineGraph_BFS" time="0.012" />
  <testcase classname="cruise.umple.compiler.UmpleParserStateMachineTest" name="doubleNested_StateMachineGraph_DFS" time="0.01" />
  <testcase classname="cruise.umple.compiler.UmpleParserStateMachineTest" name="handleBangInGuard" time="0.002" />
  <testcase classname="cruise.umple.compiler.UmpleParserStateMachineTest" name="Nested_TwoStates" time="0.003" />
  <testcase classname="cruise.umple.compiler.UmpleParserStateMachineTest" name="tree_StateMachineGraph_BFS" time="0.003" />
  <testcase classname="cruise.umple.compiler.UmpleParserStateMachineTest" name="tree_StateMachineGraph_DFS" time="0.002" />
  <testcase classname="cruise.umple.compiler.UmpleParserStateMachineTest" name="stateMachineManyTransitionsToUndefinedStates" time="0.004" />
  <testcase classname="cruise.umple.compiler.UmpleParserStateMachineTest" name="stateMachineDefinition_reference" time="0.001" />
  <testcase classname="cruise.umple.compiler.UmpleParserStateMachineTest" name="reusingEventsInNestedStateMachines" time="0.001" />
  <testcase classname="cruise.umple.compiler.UmpleParserStateMachineTest" name="duplicateEvents" time="0.028" />
  <testcase classname="cruise.umple.compiler.UmpleParserStateMachineTest" name="standAloneTransitions" time="0.014" />
  <testcase classname="cruise.umple.compiler.UmpleParserStateMachineTest" name="duplicateParallelStateMachineName" time="0.015" />
  <testcase classname="cruise.umple.compiler.UmpleParserStateMachineTest" name="dotNotationAtSameLevel" time="0.003" />
  <testcase classname="cruise.umple.compiler.UmpleParserStateMachineTest" name="transitionAfterDo" time="0.001" />
  <testcase classname="cruise.umple.compiler.UmpleParserStateMachineTest" name="finalStateNoAction" time="0.003" />
  <testcase classname="cruise.umple.compiler.UmpleParserStateMachineTest" name="testOfNotTwoOrMoreTypesOFStateMachineInSameClass" time="0.008" />
  <testcase classname="cruise.umple.compiler.UmpleParserStateMachineTest" name="ordering_StateMachineGraph_BFS" time="0.002" />
  <testcase classname="cruise.umple.compiler.UmpleParserStateMachineTest" name="ordering_StateMachineGraph_DFS" time="0.001" />
  <testcase classname="cruise.umple.compiler.UmpleParserStateMachineTest" name="nonReachableState" time="0.14" />
  <testcase classname="cruise.umple.compiler.UmpleParserStateMachineTest" name="multipleDoActivity" time="0.017" />
  <testcase classname="cruise.umple.compiler.UmpleParserStateMachineTest" name="pooledStateMachine" time="0.007" />
  <testcase classname="cruise.umple.compiler.UmpleParserStateMachineTest" name="queuedStateMachine" time="0.003" />
  <testcase classname="cruise.umple.compiler.UmpleParserStateMachineTest" name="unclearTransitionToState" time="0.004" />
  <testcase classname="cruise.umple.compiler.UmpleParserStateMachineTest" name="conflictingAutoTransitionsToStates" time="0.007" />
  <testcase classname="cruise.umple.compiler.UmpleParserStateMachineTest" name="Concurrent_NoSm" time="0.002" />
  <testcase classname="cruise.umple.compiler.UmpleParserStateMachineTest" name="unclearTransitionToStateNested" time="0.006" />
  <testcase classname="cruise.umple.compiler.UmpleParserStateMachineTest" name="handleBangInAttribute" time="0.012" />
  <testcase classname="cruise.umple.compiler.UmpleParserStateMachineTest" name="guardsOnEntryAndExit" time="0.012" />
  <testcase classname="cruise.umple.compiler.UmpleParserStateMachineTest" name="k5_StateMachineGraph_BFS" time="0.011" />
  <testcase classname="cruise.umple.compiler.UmpleParserStateMachineTest" name="k5_StateMachineGraph_DFS" time="0.007" />
  <testcase classname="cruise.umple.compiler.UmpleParserStateMachineTest" name="stateMachineWithInvalidName" time="0.015" />
  <testcase classname="cruise.umple.compiler.UmpleParserStateMachineTest" name="doActivity" time="0.002" />
  <testcase classname="cruise.umple.compiler.UmpleParserStateMachineTest" name="k5_StateMachineGraph_ClearNodes" time="0.004" />
  <testcase classname="cruise.umple.compiler.UmpleParserStateMachineTest" name="autoTransition_guard" time="0.004" />
  <testcase classname="cruise.umple.compiler.UmpleParserStateMachineTest" name="finalStateInTwoConcurrentRegions" time="0.004" />
  <testcase classname="cruise.umple.compiler.UmpleParserStateMachineTest" name="refactorFinalState" time="0.014" />
  <testcase classname="cruise.umple.compiler.UmpleParserStateMachineTest" name="oneStateTwoEvent" time="0.002" />
  <testcase classname="cruise.umple.compiler.UmpleParserStateMachineTest" name="autoTransition_simple" time="0.006" />
  <testcase classname="cruise.umple.compiler.UmpleParserStateMachineTest" name="oneStateOneEntry" time="0.002" />
  <testcase classname="cruise.umple.compiler.UmpleParserStateMachineTest" name="oneStateOneEvent" time="0.001" />
  <testcase classname="cruise.umple.compiler.UmpleParserStateMachineTest" name="historyStatePlacement" time="0.008" />
  <testcase classname="cruise.umple.compiler.UmpleParserStateMachineTest" name="timedTransictionFollowedByTransiction" time="0.026" />
  <testcase classname="cruise.umple.compiler.UmpleParserStateMachineTest" name="malformedStateMachine" time="0.022" />
  <testcase classname="cruise.umple.compiler.UmpleParserStateMachineTest" name="reuseEvents" time="0.002" />
  <testcase classname="cruise.umple.compiler.UmpleParserStateMachineTest" name="transitionsWithUndeclaredState" time="0.012" />
  <testcase classname="cruise.umple.compiler.UmpleParserStateMachineTest" name="startNode_StateMachineGraph_ClearNodes" time="0.001" />
  <testcase classname="cruise.umple.compiler.UmpleParserStateMachineTest" name="oneStateOneGuardAfter" time="0.004" />
  <testcase classname="cruise.umple.compiler.UmpleParserStateMachineTest" name="oneState_StateMachine" time="0.001" />
  <system-out><![CDATA[[ROOT:][classDefinition][name:BooleanGuards][attribute][type][baseType:Boolean][name:result][stateMachine][inlineStateMachine][name:status][state][stateName:s0][transition][event:go][guard][stringExpr][stringComplexExpression][constraintName][name:result][equalsOp:==][stringComplexExpression][constraintName][name:true][stateName:s1][state][stateName:s1][transition][event:go][guard][stringExpr][stringComplexExpression][constraintName][name:result][notequalsOp:!=][stringComplexExpression][constraintName][name:true][stateName:s2][state][stateName:s2][transition][event:go][guard][stringExpr][stringComplexExpression][constraintName][name:result][equalsOp:==][stringComplexExpression][constraintName][name:false][stateName:s3][state][stateName:s3][transition][event:go][guard][stringExpr][stringComplexExpression][constraintName][name:result][notequalsOp:!=][stringComplexExpression][constraintName][name:false][stateName:s4][state][stateName:s4][transition][event:go][guard][stringExpr][stringComplexExpression][constraintName][name:true][equalsOp:==][stringComplexExpression][constraintName][name:result][stateName:s5][state][stateName:s5][transition][event:go][guard][stringExpr][stringComplexExpression][constraintName][name:false][equalsOp:==][stringComplexExpression][constraintName][name:result][stateName:s6][state][stateName:s6][transition][event:go][guard][loneBoolean][negativeConstraint][stringExpr][stringComplexExpression][negativeConstraint][constraintName][name:result][notequalsOp:!=][stringComplexExpression][constraintName][name:false][stateName:s7][state][stateName:s7][transition][event:go][guard][stringExpr][stringComplexExpression][negativeConstraint][constraintName][name:result][notequalsOp:!=][stringComplexExpression][constraintName][name:true][stateName:s0]
[ROOT:][classDefinition][name:Course][stateMachine][inlineStateMachine][queued:queued][name:sm][state][stateName:register][state][stateName:full]
>>16
[ROOT:][classDefinition][name:Course][stateMachine][inlineStateMachine][pooled:pooled][name:sm][state][stateName:register][state][stateName:full]
>>16
[ROOT:][classDefinition][name:LightFixture][stateMachine][inlineStateMachine][queued:queued][name:bulb][state][stateName:On][state][stateName:Off]
>>24
[ROOT:][classDefinition][name:LightFixture][stateMachine][inlineStateMachine][pooled:pooled][name:bulb][state][stateName:On][state][stateName:Off]
>>24
[ROOT:][classDefinition][name:Test][stateMachine][inlineStateMachine][name:sm][state][stateName:start][state][stateName:n1][autoTransition][stateName:s2][autoTransition][stateName:s3][state][stateName:s2][state][stateName:s3]
>>62
[ROOT:][classDefinition][name:MicrowaveOven][stateMachine][inlineStateMachine][queued:queued][name:timeProcesser][state][stateName:time0][transition][event:startTime][guard][loneBoolean][constraintName][name:isTimerMode0][stateName:time1][state][stateName:time1][entryOrExitAction][type:entry][code:display("Timer: " + time);][transition][timer:1][guard][numExpr][constraintName][name:time][greaterOp:>=][number:1][action][code:time--;][stateName:time1][inlineComment:after(1)  [time>=1]/ {time--;} -> timeOn;][transition][event:openedDoor][guard][loneBoolean][constraintName][name:isTimerMode][stateName:time2][transition][timer:2][guard][numExpr][constraintName][name:time][greaterOp:>=][number:1][action][code:time--;][stateName:time3][transition][timer:1][guard][numExpr][constraintName][name:time][greaterOp:>=][number:2][action][code:time--;][stateName:time4][transition][timer:3][guard][numExpr][constraintName][name:time][greaterOp:>=][number:3][action][code:time--;][stateName:time5][transition][event:openedDoor][guard][loneBoolean][constraintName][name:isTimerMode2][stateName:time6][state][stateName:time2][state][stateName:time3][state][stateName:time4][state][stateName:time5][state][stateName:time6]
[ROOT:][classDefinition][name:X][stateMachine][inlineStateMachine][name:sm][state][stateName:s1][state][stateName:ss1][transition][event:e1][stateName:ss2][state][stateName:ss2][transition][event:e2][stateName:s2][state][stateName:s2][transition][event:e3][stateName:s1.s1]
>>120
[ROOT:][classDefinition][name:LightFixture][attribute][type][baseType:boolean][name:flag][value:false][attribute][type][baseType:boolean][name:x][value:true][stateMachine][inlineStateMachine][name:status][state][stateName:on][transition][event:turnOff][guard][loneBoolean][negativeConstraint][constraintName][name:flag][stateName:off][state][stateName:off][transition][event:turnOn0][guard][loneBoolean][negativeConstraint][loneBoolean][negativeConstraint][loneBoolean][negativeConstraint][constraintBody][loneBoolean][constraintName][name:flag][andOp:&&][linkingOpBody][loneBoolean][constraintName][name:flag][stateName:on][transition][event:turnOn1][guard][loneBoolean][negativeConstraint][constraintBody][loneBoolean][negativeConstraint][constraintName][name:flag][andOp:&&][linkingOpBody][loneBoolean][negativeConstraint][constraintName][name:flag][stateName:on][transition][event:turnOn2][guard][loneBoolean][negativeConstraint][constraintBody][numExpr][constraintName][name:flag][lessOp:<=][constraintName][name:flag][stateName:on][transition][event:turnOn3][guard][loneBoolean][negativeConstraint][constraintBody][constraintBody][stringExpr][stringComplexExpression][constraintName][name:flag][equalsOp:==][stringComplexExpression][constraintName][name:flag][andOp:&&][linkingOpBody][constraintBody][loneBoolean][negativeConstraint][constraintName][name:flag][andOp:&&][linkingOpBody][loneBoolean][negativeConstraint][constraintName][name:flag][stateName:on][transition][event:turnOn4][guard][loneBoolean][negativeConstraint][constraintBody][constraintBody][loneBoolean][negativeConstraint][constraintName][name:flag][andOp:&&][linkingOpBody][loneBoolean][constraintName][name:x][orOp:||][linkingOpBody][constraintBody][loneBoolean][negativeConstraint][constraintName][name:x][andOp:&&][linkingOpBody][loneBoolean][negativeConstraint][constraintName][name:x][stateName:on]
[ROOT:][classDefinition][name:CarWindowController][stateMachine][inlineStateMachine][name:CarWindow][state][stateName:Open][extraCode:up[x.y -> Closing;]
>>58
[ROOT:][classDefinition][name:X][stateMachine][inlineStateMachine][name:sm][state][stateName:s1][state][stateName:ss1][transition][event:e1][stateName:ss2][state][stateName:ss2][transition][event:e2][stateName:s2.ss1][state][stateName:s2][state][stateName:ss1][transition][event:e4][stateName:s2.ss2][state][stateName:ss2][transition][event:e3][stateName:s1.ss1]
>>44
[ROOT:][classDefinition][name:X][stateMachine][inlineStateMachine][name:sm][state][stateName:s1][state][stateName:sb][autoTransition][stateName:s3.sa]
>>57
[ROOT:][classDefinition][name:X][stateMachine][inlineStateMachine][name:sm][state][stateName:s1][state][stateName:sb][transition][event:e][stateName:s3.s2.sa]
>>57
[ROOT:][classDefinition][name:Test][stateMachine][inlineStateMachine][name:sm][state][stateName:start][autoTransition][activity][code:System.out.println("Activity 1");][stateName:s2][autoTransition][activity][code:System.out.println("Activity 2");][stateName:s3][state][stateName:s2][state][stateName:s3]
>>89
On
Off
Amber
test1
test2
s1
s2
On
Off
Test
On
Off
Amber
S1
S2
S3
s1
s1
[ROOT:][classDefinition][name:PooledSMwithUnspecifiedReception][stateMachine][inlineStateMachine][pooled:pooled][name:sm][state][stateName:s1][transition][event:e1][stateName:s2][transition][event:unspecified][stateName:error1][state][stateName:s1][state][stateName:error1][autoTransition][stateName:s1]
>>84
[ROOT:][classDefinition][name:OtherClass][inlineAssociation][inlineAssociationEnd][bound:*][arrow:->][associationEnd][bound:1][type:Another][attribute][type][baseType:Integer][name:row][attribute][type][baseType:Integer][name:row2][classDefinition][name:Another][attribute][type][baseType:Integer][name:junk][classDefinition][name:Statemachine][inlineAssociation][inlineAssociationEnd][bound:*][arrow:->][associationEnd][bound:1][type:OtherClass][roleName:other][attribute][type][baseType:Boolean][name:cond][stateMachine][inlineStateMachine][name:sm][state][stateName:s1][transition][event:event1][guard][numExpr][constraintName][name:other][constraintScopeOperator][constraintName][name:another][constraintScopeOperator][constraintName][name:junk][equalsOp:==][number:3][stateName:s3][transition][event:event1][guard][numExpr][constraintName][name:other][constraintScopeOperator][constraintName][name:another][constraintScopeOperator][constraintName][name:junk][equalsOp:==][number:3][stateName:s1][transition][event:event1][guard][loneBoolean][constraintName][name:cond][andOp:&&][linkingOpBody][numExpr][constraintName][name:other][constraintScopeOperator][constraintName][name:row][moreOp:>][number:4][stateName:s2][transition][event:event1][guard][loneBoolean][constraintName][name:cond][andOp:&&][linkingOpBody][numExpr][constraintName][name:other][constraintScopeOperator][constraintName][name:row][equalsOp:==][number:3][stateName:s3][transition][event:event1][guard][loneBoolean][constraintName][name:cond][andOp:&&][linkingOpBody][numExpr][constraintName][name:other][constraintScopeOperator][constraintName][name:row][equalsOp:==][number:3][stateName:s1][state][stateName:s3]
>>243
[ROOT:][classDefinition][name:OtherClass][inlineAssociation][inlineAssociationEnd][bound:*][arrow:->][associationEnd][bound:1][type:Another][attribute][type][baseType:Integer][name:row][attribute][type][baseType:Integer][name:row2][classDefinition][name:Another][attribute][type][baseType:Integer][name:junk][classDefinition][name:Statemachine][inlineAssociation][inlineAssociationEnd][bound:*][arrow:->][associationEnd][bound:1][type:OtherClass][roleName:other][attribute][type][baseType:Boolean][name:cond][stateMachine][inlineStateMachine][name:sm][state][stateName:s1][transition][event:event1][guard][numExpr][constraintName][name:other][constraintScopeOperator][constraintName][name:another][constraintScopeOperator][constraintName][name:junk][equalsOp:==][number:3][stateName:s3][transition][event:event1][guard][numExpr][constraintName][name:other][constraintScopeOperator][constraintName][name:another][constraintScopeOperator][constraintName][name:junk][equalsOp:==][number:3][stateName:s1][transition][event:event1][guard][loneBoolean][constraintName][name:cond][andOp:&&][linkingOpBody][numExpr][constraintName][name:other][constraintScopeOperator][constraintName][name:row][moreOp:>][number:4][stateName:s2][transition][event:event1][guard][loneBoolean][constraintName][name:cond][andOp:&&][linkingOpBody][numExpr][constraintName][name:other][constraintScopeOperator][constraintName][name:row][equalsOp:==][number:3][stateName:s3][transition][event:event1][guard][loneBoolean][constraintName][name:cond][andOp:&&][linkingOpBody][numExpr][constraintName][name:other][constraintScopeOperator][constraintName][name:row][equalsOp:==][number:3][stateName:s1][state][stateName:s3]
>>375
[ROOT:][classDefinition][name:X][stateMachine][inlineStateMachine][name:sm][state][stateName:state1][transition][event:e1][stateName:state2][state][stateName:state2][transition][event:e2][stateName:state1][transition][event:e2][stateName:state1]
>>95
[ROOT:][classDefinition][name:X][attribute][type][baseType:Integer][name:b][value:0][stateMachine][inlineStateMachine][name:sm][state][stateName:state1][transition][event:e1][stateName:state2][state][stateName:state2][transition][event:e2][stateName:state1][transition][event:e2][guard][numExpr][constraintName][name:b][smallerOp:<][number:1][stateName:state1]
>>111
[ROOT:][classDefinition][name:X][attribute][type][baseType:Integer][name:b][value:0][stateMachine][inlineStateMachine][name:sm][state][stateName:state1][transition][event:e1][stateName:state2][state][stateName:state2][transition][event:e2][guard][numExpr][constraintName][name:b][smallerOp:<][number:1][stateName:state1][transition][event:e2][stateName:state1]
[ROOT:][classDefinition][name:X][attribute][type][baseType:Integer][name:b][value:0][stateMachine][inlineStateMachine][name:sm][state][stateName:state1][state][stateName:substate1][transition][event:e][guard][numExpr][constraintName][name:b][moreOp:>][number:1][stateName:state2][transition][event:e][stateName:state3][state][stateName:state2][transition][event:e][stateName:state1][state][stateName:state3][transition][event:e][stateName:state2]
>>79
[ROOT:][classDefinition][name:X][attribute][type][baseType:Integer][name:b][value:0][stateMachine][inlineStateMachine][name:sm][state][stateName:state1][transition][event:e][stateName:state3][state][stateName:substate1][transition][event:e][stateName:state2][state][stateName:substate2][transition][event:e][stateName:state2][state][stateName:state2][transition][event:e][stateName:state1][state][stateName:state3][transition][event:e][stateName:state2]
>>92
[ROOT:][classDefinition][name:X][attribute][type][baseType:Integer][name:b][value:0][stateMachine][inlineStateMachine][name:sm][state][stateName:state1][state][stateName:substate1][transition][event:e][stateName:state2][state][stateName:substate2][transition][event:e][stateName:state2][transition][event:e][stateName:state3][state][stateName:state2][transition][event:e][stateName:state1][state][stateName:state3][transition][event:e][stateName:state2]
>>73
[ROOT:][classDefinition][name:X][attribute][type][baseType:Integer][name:b][value:0][stateMachine][inlineStateMachine][name:sm][state][stateName:state1][transition][event:e][guard][numExpr][constraintName][name:b][moreOp:>][number:1][stateName:state3][state][stateName:substate1][transition][event:e][stateName:state2][state][stateName:state2][transition][event:e][stateName:state1][state][stateName:state3][transition][event:e][stateName:state2]
[ROOT:][classDefinition][name:X][stateMachine][inlineStateMachine][name:sm][state][stateName:s1][transition][timer:2][stateName:s2][transition][event:e1][stateName:s1][state][stateName:s2][transition][event:e2][stateName:s1]
[ROOT:][classDefinition][name:X][stateMachine][inlineStateMachine][name:sm][state][stateName:s1][state][stateName:sa][autoTransition][stateName:sb][state][stateName:sb][transition][event:e1][stateName:sa][transition][event:e2][stateName:sa]
[ROOT:][classDefinition][name:X][stateMachine][inlineStateMachine][name:sm][state][stateName:s1][transition][event:e][stateName:s3][autoTransition][stateName:s2][autoTransition][stateName:s3][state][stateName:s2][state][stateName:s3]
>>62
[ROOT:][classDefinition][name:Authorizer][stateMachine][inlineStateMachine][name:validatingPINSM][state][stateName:waitingForDigit][state][stateName:waitingDigit][transition][event:digit][parameterList][parameter][type][baseType:List][name:d][action][code:authenticate(d);][stateName:waitingForDigit][transition][timer:10][action][code:System.out.println("TIMEOUT");][stateName:waitingForDigit]
S1
S2
cruise.umple.compiler.Transition@80e4204e[isInternal:false,autoTransition:false]
  position=[9,2]
  event = 6c2c1385
  fromState = 7582ff54
  nextState = 67545b57
  guard = null
  action = 5f354bcf
cruise.umple.compiler.Transition@58a892de[isInternal:false,autoTransition:false]
  position=[11,2]
  event = 3daf7722
  fromState = 67545b57
  nextState = 7582ff54
  guard = null
  action = null
S1
S2
e2
e1
S1
S2
e2
e1
S1
S2
e1
e2
S1
S2
__autotransition12__
__autotransition13__
[ROOT:][classDefinition][name:C][stateMachine][inlineStateMachine][name:stateMachineName][standAloneTransition][event:e2][fromState:S8][toState:S6]
>>33
[ROOT:][classDefinition][name:X][stateMachine][inlineStateMachine][name:sm][state][stateName:s1][state][stateName:t1][transition][event:goT2][stateName:t2][state][stateName:t2][||:||][state][stateName:t3][transition][event:goT4][stateName:t4][state][stateName:t4]
[ROOT:][classDefinition][name:X][stateMachine][inlineStateMachine][name:sm][state][stateName:s1][state][stateName:ss1][transition][event:e1][stateName:ss2][state][stateName:ss2][transition][event:e2][stateName:s2][state][stateName:s2][transition][event:e3][stateName:s1.ss1]
[ROOT:][classDefinition][name:BigStateMachineTest][stateMachine][inlineStateMachine][name:sm][state][stateName:Zxab][state][stateName:Zx][state][stateName:Z][transition][event:e3][stateName:X][transition][event:e2][stateName:A][state][stateName:X][transition][event:e5][stateName:G][state][stateName:A][transition][event:e5][stateName:D][transition][event:e3][stateName:B][state][stateName:B][transition][event:e3][stateName:Ge][transition][event:e1][stateName:E][transition][event:e4][stateName:Ge][state][stateName:D][transition][event:e5][stateName:X][transition][event:e2][stateName:E][state][stateName:Ge][state][stateName:G][transition][event:e1][stateName:B][state][stateName:E][transition][event:e1][stateName:G][transition][event:e2][stateName:G]
[ROOT:][classDefinition][name:X][stateMachine][inlineStateMachine][name:sm][state][stateName:s1][transition][event:e][stateName:s2][transition][event:e4][stateName:s4][state][stateName:s1][transition][event:e1][stateName:s2][state][stateName:s2][state][stateName:s3][transition][event:e6][stateName:s1][state][stateName:s3][state][stateName:s1][transition][event:e7][stateName:s2][stateMachine][inlineStateMachine][name:sm][state][stateName:s8][transition][event:e9][stateName:s9][state][stateName:s9][classDefinition][name:X][attribute][name:a][stateMachine][inlineStateMachine][name:sm][state][stateName:s4][state][stateName:s5]
>>140
Transition to 's1' has multiple possible destinations. Please use dot notation to clarify what state the transition should go to
State 's1' from StateMachine 's2' is non-reachable.
State 's8' from StateMachine 'sm' is non-reachable.
State 's9' from StateMachine 'sm' is non-reachable.
State 's5' from StateMachine 'sm' is non-reachable.
[ROOT:][classDefinition][name:X][stateMachine][inlineStateMachine][name:sm][state][stateName:s1][state][stateName:s1a][transition][event:e][stateName:s2a][state][stateName:s1b][state][stateName:s2][state][stateName:s2a][state][stateName:s2b][transition][event:e][stateName:s1b]
>>52
State 's1b' from StateMachine 's1' is non-reachable.
State 's2b' from StateMachine 's2' is non-reachable.
[ROOT:][classDefinition][name:X][stateMachine][inlineStateMachine][name:sm][state][stateName:s1][state][stateName:s1a][transition][event:e1][stateName:s1a][state][stateName:s1b][state][stateName:s2][state][stateName:s2a][state][stateName:s2b]
>>52
State 's1b' from StateMachine 's1' is non-reachable.
State 's2' from StateMachine 'sm' is non-reachable.
[ROOT:][classDefinition][name:X][stateMachine][inlineStateMachine][name:sm][state][stateName:s1][state][stateName:s2]
[ROOT:][classDefinition][name:LightFixture][stateMachine][inlineStateMachine][name:bulb][state][stateName:On][state][stateName:A][transition][event:ea][stateName:B][state][stateName:B][state][stateName:B1][state][stateName:B2][||:||][state][stateName:C][transition][event:eb][stateName:D2][state][stateName:D][state][stateName:D1][state][stateName:D2][||:||][state][stateName:E][state][stateName:E1][state][stateName:E2][transition][event:ee][stateName:F1][state][stateName:F][state][stateName:F1][transition][event:ef][stateName:F2][state][stateName:F2][||:||][state][stateName:G][state][stateName:G1][transition][event:eg][stateName:G2][state][stateName:G2][transition][event:eg2][stateName:I][state][stateName:I][state][stateName:I1][transition][event:eg3][stateName:I2][state][stateName:I2]
>>106
State 'B2' from StateMachine 'B' is non-reachable.
State 'D1' from StateMachine 'D' is non-reachable.
State 'E2' from StateMachine 'E' is non-reachable.
State 'F' from StateMachine 'E' is non-reachable.
[ROOT:][classDefinition][name:X][stateMachine][inlineStateMachine][name:sm][state][stateName:s1][state][stateName:s1a][state][stateName:s2][state][stateName:s1b]
>>56
State 's2' from StateMachine 'sm' is non-reachable.
[ROOT:][inlineComment:Xholon Digital Watch UML state machine written in Umple][inlineComment:From Empir Software Eng (2009) 14:685–719 DOI 10.1007/s10664-009-9106-z][inlineComment:By Cruz-Lemus, Genero, Manso, Morasca and Piattini][inlineComment:This is the nested version of the state machine][classDefinition][name:DigitalWatch][inlineComment:sx indicates that button X has been pressed][inlineComment:notSx indicates button x has been released][stateMachine][inlineStateMachine][name:sm][inlineComment:Main state displaying time][state][stateName:regular][state][stateName:time][transition][event:s1][stateName:date][transition][event:s2][stateName:alarmStatus][transition][event:s3][stateName:chronometer][transition][event:s3during2Secs][stateName:alarmTime][state][stateName:date][transition][event:notS1][stateName:time][state][stateName:update][transition][event:s3][stateName:time][inlineComment:States related to time update][state][stateName:second][transition][event:s1][stateName:minute][transition][event:s2][action][code:secondzero();][stateName:second][state][stateName:minute][transition][event:s1][stateName:hour][transition][event:s2][action][code:minute++;][stateName:minute][state][stateName:hour][transition][event:s1][stateName:month][transition][event:s2][action][code:hour++;][stateName:hour][state][stateName:month][transition][event:s1][stateName:day][transition][event:s2][action][code:month++;][stateName:month][state][stateName:day][transition][event:s1][stateName:year][transition][event:s2][action][code:day++;][stateName:day][state][stateName:year][transition][event:s1][stateName:second][transition][event:s2][action][code:year++;][stateName:year][inlineComment:States related to timer][state][stateName:chronometer][transition][event:s3][stateName:time][state][stateName:chronoNormal][state][stateName:paused][transition][event:s1][stateName:running][transition][event:s2][action][code:zero();][stateName:paused][state][stateName:running][transition][event:s1][stateName:paused][transition][event:s2][stateName:lapRunning][state][stateName:lapRunning][transition][event:s1][stateName:lapPaused][transition][event:s2][stateName:running][state][stateName:lapPaused][transition][event:s1][stateName:lapRunning][transition][event:s2][stateName:paused][inlineComment:States related to turning on and off charm or chime][state][stateName:alarmStatus][transition][event:notS2][stateName:time][state][stateName:bothOff][transition][event:s1][stateName:chimeOn][state][stateName:chimeOn][transition][event:s1][stateName:bothOn][state][stateName:bothOn][transition][event:s1][stateName:alarmOn][state][stateName:alarmOn][transition][event:s1][stateName:bothOff][inlineComment:States related to alarm update][state][stateName:alarmUpdate][transition][event:s3][stateName:second][state][stateName:alarmTime][transition][event:s1][stateName:alarmMinute][transition][event:s2][action][code:alarmHour++;][stateName:alarmHour][state][stateName:hourMinuteUpdate][state][stateName:alarmHour][transition][event:s1][stateName:alarmMinute][transition][event:s2][action][code:alarmHour++;][stateName:alarmHour][state][stateName:alarmMinute][transition][event:s1][stateName:alarmHour][transition][event:s2][action][code:alarmMinute++;][stateName:alarmMinute][attribute][type][baseType:Integer][name:day][value:0][attribute][type][baseType:Integer][name:month][value:0][attribute][type][baseType:Integer][name:year][value:2014][attribute][type][baseType:Integer][name:hour][value:0][attribute][type][baseType:Integer][name:minute][value:0][attribute][type][baseType:Integer][name:second][value:0][attribute][type][baseType:Integer][name:alarmHour][value:0][attribute][type][baseType:Integer][name:alarmMinute][value:0][attribute][type][baseType:Integer][name:alarmSecond][value:0][attribute][type][baseType:Integer][name:timer][value:0][concreteMethodDeclaration][type:void][methodDeclarator][methodName:secondzero][parameterList][code:setSecond(0);][concreteMethodDeclaration][type:void][methodDeclarator][methodName:zero][parameterList][code:setTimer(0);]
[ROOT:][classDefinition][name:Test][stateMachine][inlineStateMachine][name:sm][state][stateName:a][transition][event:e][stateName:s1][state][stateName:s1][state][stateName:x][state][stateName:y][state][stateName:s1][state][stateName:s2][state][stateName:b][transition][event:e][stateName:s1][state][stateName:s1][state][stateName:s2][state][stateName:c][state][stateName:a][state][stateName:s1][transition][event:e][stateName:s1]
>>25
[ROOT:][classDefinition][name:Test][stateMachine][inlineStateMachine][name:sm][state][stateName:start][autoTransition][stateName:s2][autoTransition][stateName:s3][state][stateName:s2][state][stateName:s3]
>>48
[ROOT:][classDefinition][name:X][attribute][name:attr][stateMachine][inlineStateMachine][name:sm][state][stateName:s1][transition][event:e][stateName:sa][state][stateName:s2][transition][event:f][stateName:s1][state][stateName:sa][transition][event:g][stateName:sb][state][stateName:sb][transition][event:h][stateName:sa][state][stateName:s3][state][stateName:sa][transition][event:g][stateName:s1][transition][event:h][stateName:sc][state][stateName:sb][state][stateName:sc][transition][event:k][stateName:sa]
>>44
[ROOT:][classDefinition][name:X][stateMachine][inlineStateMachine][name:sm][state][stateName:s1][entryOrExitAction][type:entry][guardCode][code:condition][code:System.out.println("s1 entry!");][transition][event:hh][stateName:s2][entryOrExitAction][type:exit][guardCode][code:!condition2][code:System.out.println("s1 exit!");][state][stateName:s2][entryOrExitAction][type:entry][guardCode][code:condition3][code:System.out.println("s2 entry!");][transition][event:hhh][stateName:s1][entryOrExitAction][type:exit][guardCode][code:condition4][code:System.out.println("s2 exit!");]
[ROOT:][classDefinition][name:X][stateMachine][inlineStateMachine][name:status][state][stateName:on][transition][event:turnoff][stateName:off][transition][event:powerOff][stateName:FINAL][state][stateName:off][transition][event:turnOn][stateName:on][state][final:final][stateName:FINAL][activity][code:exe();]
>>67
Removed do activities, exit actions, transitions, and/or nested state machines from final State 'FINAL' of StateMachine 'status'
[ROOT:][classDefinition][name:X][stateMachine][inlineStateMachine][name:status][state][stateName:on][transition][event:turnoff][stateName:off][transition][event:powerOff][stateName:FINAL][state][stateName:off][transition][event:turnOn][stateName:on][state][final:final][stateName:FINAL][entryOrExitAction][type:exit][code:exit();]
>>67
Removed do activities, exit actions, transitions, and/or nested state machines from final State 'FINAL' of StateMachine 'status'
[ROOT:][classDefinition][name:X][stateMachine][inlineStateMachine][name:status][state][stateName:on][transition][event:turnoff][stateName:off][transition][event:powerOff][stateName:FINAL][state][stateName:off][transition][event:turnOn][stateName:on][state][final:final][stateName:FINAL][transition][event:reboot][stateName:on]
>>67
Removed do activities, exit actions, transitions, and/or nested state machines from final State 'FINAL' of StateMachine 'status'
[ROOT:][classDefinition][name:X][stateMachine][inlineStateMachine][name:status][state][stateName:on][transition][event:turnoff][stateName:off][transition][event:powerOff][stateName:FINAL][state][stateName:off][transition][event:turnOn][stateName:on][state][final:final][stateName:FINAL][state][stateName:nestedSm][state][stateName:s1][autoTransition][stateName:s2][state][stateName:s2]
>>67
Removed do activities, exit actions, transitions, and/or nested state machines from final State 'FINAL' of StateMachine 'status'
[ROOT:][classDefinition][name:X][stateMachine][inlineStateMachine][name:status][state][stateName:on][transition][event:turnoff][stateName:off][transition][event:powerOff][stateName:FINAL][state][stateName:off][transition][event:turnOn][stateName:on][state][final:final][stateName:FINAL][entryOrExitAction][type:entry][code:entry();]
[ROOT:][classDefinition][name:X][stateMachine][inlineStateMachine][name:status][state][stateName:on][transition][event:turnoff][stateName:off][transition][event:powerOff][stateName:FINAL][state][stateName:off][transition][event:turnOn][stateName:on][state][final:final][stateName:FINAL]
[ROOT:][classDefinition][name:X][stateMachine][inlineStateMachine][name:sm][state][stateName:s1][state][stateName:ss1][transition][event:e][stateName:s2.ss1.H][transition][event:e2][stateName:sss1][transition][event:e3][stateName:s2.ss2][transition][event:e4][stateName:s1.ss2][transition][event:e5][stateName:sss2][state][stateName:ss2][transition][event:e1][stateName:s2.ss2][state][stateName:s2][state][stateName:ss1][state][stateName:sss1][state][stateName:sss2][state][stateName:ss2]
[ROOT:][classDefinition][name:X][stateMachine][inlineStateMachine][name:sm][state][stateName:s1][transition][event:e1][stateName:a][state][stateName:a][entryOrExitAction][type:entry][code:System.out.println("entering a");][transition][timer:1][stateName:b][transition][event:e3][stateName:c][state][stateName:b][entryOrExitAction][type:entry][code:System.out.println("entering b");][transition][event:e2][stateName:c][state][stateName:c][entryOrExitAction][type:entry][code:System.out.println("entering c");][concreteMethodDeclaration][modifier:public][static:static][type:void][methodDeclarator][methodName:main][parameterList][parameter][type][baseType:String][list:[ ]][name:args][code:X x = new X();
    x.e1();
    x.e2();]
[ROOT:][inlineComment:UML state machine diagram of a traffic light system, written in Umple][classDefinition][name:IntersectionTimerDriven][inlineComment:Traffic lights are green for 25s in one direction][inlineComment:and 20s in the other.][attribute][type][baseType:Integer][name:directionOneGoTime][value:25000][attribute][type][baseType:Integer][name:directionTwoGoTime][value:20000][inlineComment:Lights are yellow for 5s][attribute][type][baseType:Integer][name:yellowTime][value:5000][inlineComment:Pedestrians have 10s extra warning][attribute][type][baseType:Integer][name:extraPedestrianWarning][value:10000][stateMachine][inlineStateMachine][name:flow][state][stateName:FourWayStop][entryOrExitAction][type:entry][code:direction_One_Light = DirectionOneLight.FlashingRed; direction_Two_Light = directionOneLight.FlashingRed;][transition][event:initiateRegularOperation][stateName:DirectionOneGo][state][stateName:DirectionOneGo][entryOrExitAction][type:entry][code:directionOneLight = directionOneLight.Green; directionTwoLight = directionTwoLight.Red;][transition][timer:directionOneGoTime][stateName:DirectionOneHalting][transition][event:detectMalfunction][stateName:FourWayStop][state][stateName:DirectionOneHalting][entryOrExitAction][type:entry][code:directionOneLight = directionOneLight.Yellow;][transition][timer:yellowTime][stateName:DirectionTwoGo][transition][event:detectMalfunction][stateName:FourWayStop][state][stateName:DirectionTwoGo][entryOrExitAction][type:entry][code:directionOneLight = directionOneLight.Red; directionTwoLight = directionTwoLight.Green;][transition][timer:directionOneGoTime][stateName:DirectionTwoHalting][transition][event:detectMalfunction][stateName:FourWayStop][state][stateName:DirectionTwoHalting][entryOrExitAction][type:entry][code:directionTwoLight = directionTwoLight.Yellow;][transition][timer:yellowTime][stateName:DirectionOneGo][transition][event:detectMalfunction][stateName:FourWayStop][stateMachine][inlineStateMachine][name:pedestrianFlow][state][stateName:FourWayStop][entryOrExitAction][type:entry][code:P1Light = P1Light.DoNotWalk;  P2Light = P2Light.DoNotWalk;][transition][event:initiateRegularOperation][stateName:P2Go][state][stateName:P1Go][entryOrExitAction][type:entry][code:P1Light = P1Light.Walk;][transition][timer:directionOneGoTime-extraPedestrianWarning][stateName:P1Halting][transition][event:detectMalfunction][stateName:FourWayStop][state][stateName:P1Halting][entryOrExitAction][type:entry][code:P1Light = P1Light.FlashingP1Light;][transition][timer:extraPedestrianWarning+yellowTime][stateName:P2Go][transition][event:detectMalfunction][stateName:FourWayStop][state][stateName:P2Go][entryOrExitAction][type:entry][code:P2Light = P2Light.Walk;][transition][timer:directionTwoGoTime-extraPedestrianWarning][stateName:P2Halting][transition][event:detectMalfunction][stateName:FourWayStop][state][stateName:P2Halting][entryOrExitAction][type:entry][code:P2Light = P2Light.Flashing;][transition][timer:extraPedestrianWarning+yellowTime][stateName:P1Go][transition][event:detectMalfunction][stateName:FourWayStop][stateMachine][inlineStateMachine][name:directionOneLight][state][stateName:FlashingRed][state][stateName:Red][state][stateName:Yellow][state][stateName:Green][stateMachine][inlineStateMachine][name:directionTwoLight][state][stateName:FlashingRed][state][stateName:Red][state][stateName:Yellow][state][stateName:Green][stateMachine][inlineStateMachine][name:P1Light][state][stateName:DoNotWalk][state][stateName:Flashing][state][stateName:Walk][stateMachine][inlineStateMachine][name:P2Light][state][stateName:DoNotWalk][state][stateName:Flashing][state][stateName:Walk]
[ROOT:][classDefinition][name:BadSM][attribute][type][baseType:boolean][name:someValue][value:false][stateMachine][inlineStateMachine][name:sm][state][stateName:state1][entryOrExitAction][type:entry][code:someValue = true;][extraCode:transition > state2;
      exit / {someValue = false;}][state][stateName:state2][transition][event:transition][guard][loneBoolean][negativeConstraint][constraintName][name:isGuarded][constraintParameterList][stateName:state1]
>>106
[ROOT:][classDefinition][name:BadSM][exception][malformedStatemachine1][stuff:sm][innerstuff:boolean someValue = false;
    state1
    {
      entry / {someValue = true;}
      transition -> state2;
      exit / {someValue = false;}
    }
    state2
    {
      transition [!isGuarded()] -> state1;
    }]
>>16
[ROOT:][classDefinition][name:BadSM][attribute][type][baseType:boolean][name:someValue][value:false][stateMachine][inlineStateMachine][name:sm][state][stateName:state1][entryOrExitAction][type:entry][code:someValue = true;][transition][event:transition][stateName:state2][entryOrExitAction][type:exit][code:someValue = false;][state][stateName:state2][extraCode:transition ->  [!isGuarded()] state1;]
>>191
[ROOT:][classDefinition][name:BadSM][attribute][type][baseType:boolean][name:someValue][value:false][stateMachine][inlineStateMachine][name:sm][state][stateName:state1][state][stateName:entry][extraCode:someValue = true;][transition][event:transition][stateName:state2][entryOrExitAction][type:exit][code:someValue = false;][state][stateName:state2][transition][event:transition][guard][loneBoolean][negativeConstraint][constraintName][name:isGuarded][constraintParameterList][stateName:state1]
>>79
[ROOT:][classDefinition][name:BadSM][attribute][type][baseType:boolean][name:someValue][value:false][stateMachine][inlineStateMachine][name:sm][state][stateName:state1][entryOrExitAction][type:entry][code:someValue = true;][extraCode:transition -> state2
      exit / {someValue = false;}][state][stateName:state2][transition][event:transition][guard][loneBoolean][negativeConstraint][constraintName][name:isGuarded][constraintParameterList][stateName:state1]
>>106
[ROOT:][classDefinition][name:BadSM][attribute][type][baseType:boolean][name:someValue][value:false][stateMachine][inlineStateMachine][name:sm][state][stateName:state1][entryOrExitAction][type:entry][code:someValue = true;][transition][event:transition][stateName:state2][entryOrExitAction][type:exit][code:someValue = false;][state][stateName:state2][extraCode:transition !isGuarded()] -> state1;]
>>191
[ROOT:][classDefinition][name:X][stateMachine][inlineStateMachine][name:sm][state][stateName:state1][transition][event:e1][stateName:state2][state][stateName:state2][transition][event:e2][stateName:state3]
>>75
[ROOT:][classDefinition][name:X][stateMachine][inlineStateMachine][name:sm][state][stateName:state1][transition][event:e1][stateName:state2][state][stateName:state2][transition][event:e2][stateName:state4][state][stateName:state3][transition][event:e3][stateName:state4]
>>75
[ROOT:][classDefinition][name:X][stateMachine][inlineStateMachine][name:sm][state][stateName:state1][transition][event:e1][stateName:state2][state][stateName:state2][transition][event:e2][stateName:state4][state][stateName:state3][transition][event:e3][stateName:state4]
>>113
]]></system-out>
  <system-err><![CDATA[21 21
32 32
248 248
120 120
11 11
259 259
21 21
21 21
21 21
21 21
21 21
21 21
21 21
21 21
21 21
21 21
21 21
20 20
30 30
133 133
75 75
72 72
72 72
12 12
12 12
12 12
12 12
12 12
12 12
12 12
12 12
12 12
12 12
12 12
12 12
]]></system-err>
</testsuite>
