<?xml version="1.0" encoding="UTF-8" ?>
<testsuite errors="0" failures="0" hostname="Abdulazizs-MacBook-Pro.local" name="cruise.umple.implementation.php.PhpReflexiveAssociationTest" skipped="0" tests="6" time="0.042" timestamp="2021-10-26T14:28:12">
  <properties>
    <property name="ant.library.dir" value="/usr/local/Cellar/ant/1.10.9/libexec/lib" />
    <property name="env.TERM" value="xterm-256color" />
    <property name="java.specification.version" value="15" />
    <property name="ant.project.name" value="UmpleCore" />
    <property name="ant.file.type.UmpleCore" value="file" />
    <property name="sun.jnu.encoding" value="UTF-8" />
    <property name="ant.file.type.LocalBuildProperties" value="file" />
    <property name="env.SDKMAN_CANDIDATES_API" value="https://api.sdkman.io/2" />
    <property name="sun.arch.data.model" value="64" />
    <property name="dist.umple.docs.jar.prev" value="umpledocs-1.31.1.5860.78bb27cc6.jar" />
    <property name="rake_cmd" value="rake" />
    <property name="showJunitOutput" value="false" />
    <property name="umple.deps.dir" value="/Users/abdulaziz/tmp/umple/dist/libs" />
    <property name="java.vendor.url" value="https://openjdk.java.net/" />
    <property name="dist.libs.dir" value="/Users/abdulaziz/tmp/umple/dist/libs" />
    <property name="sun.boot.library.path" value="/usr/local/Cellar/openjdk/15.0.1/libexec/openjdk.jdk/Contents/Home/lib" />
    <property name="sun.java.command" value="org.apache.tools.ant.taskdefs.optional.junit.JUnitTestRunner testsfile=/Users/abdulaziz/tmp/umple/junittestcases9945622084601822128.properties skipNonTests=false filtertrace=true haltOnError=false haltOnFailure=false showoutput=false outputtoformatters=true logfailedtests=true threadid=0 logtestlistenerevents=false formatter=org.apache.tools.ant.taskdefs.optional.junit.XMLJUnitResultFormatter,/Users/abdulaziz/tmp/umple/dist/qa/cruise.umple/IGNORETHIS.xml crashfile=/Users/abdulaziz/tmp/umple/junitvmwatcher11280979461299836288.properties propsfile=/Users/abdulaziz/tmp/umple/junit10838995335343066243.properties" />
    <property name="jdk.debug" value="release" />
    <property name="java.specification.vendor" value="Oracle Corporation" />
    <property name="test.output.path" value="/Users/abdulaziz/tmp/umple/dist/qa/cruise.umple" />
    <property name="env.JAVA_HOME" value="/usr/local/opt/openjdk" />
    <property name="java.version.date" value="2020-10-20" />
    <property name="java.home" value="/usr/local/Cellar/openjdk/15.0.1/libexec/openjdk.jdk/Contents/Home" />
    <property name="basedir" value="/Users/abdulaziz/tmp/umple" />
    <property name="file.separator" value="/" />
    <property name="java.vm.compressedOopsMode" value="Zero based" />
    <property name="line.separator" value="&#xa;" />
    <property name="ivy.jar.file" value="/Users/abdulaziz/.ant/lib/ivy-2.4.0.jar" />
    <property name="java.specification.name" value="Java Platform API Specification" />
    <property name="java.vm.specification.vendor" value="Oracle Corporation" />
    <property name="ant.file.Template" value="/Users/abdulaziz/tmp/umple/build/_template.xml" />
    <property name="dist.umple.stats.jar" value="umplestats-1.31.1.5860.78bb27cc6.jar" />
    <property name="ivyRetrieveLogLevel" value="quiet" />
    <property name="sun.management.compiler" value="HotSpot 64-Bit Tiered Compilers" />
    <property name="java.runtime.version" value="15.0.1+9" />
    <property name="env.TERM_PROGRAM_VERSION" value="440" />
    <property name="user.name" value="abdulaziz" />
    <property name="env.PATH" value="/Users/abdulaziz/.sdkman/candidates/gradle/current/bin:/Library/Frameworks/Python.framework/Versions/3.9/bin:/usr/local/bin:/usr/bin:/bin:/usr/sbin:/sbin:/opt/X11/bin:/Library/Apple/usr/bin:/Library/Frameworks/Mono.framework/Versions/Current/Commands" />
    <property name="env.LOGNAME" value="abdulaziz" />
    <property name="env.XPC_FLAGS" value="0x0" />
    <property name="env.__CF_USER_TEXT_ENCODING" value="0x1F5:0x0:0x0" />
    <property name="file.encoding" value="UTF-8" />
    <property name="env.__CFBundleIdentifier" value="com.apple.Terminal" />
    <property name="env.TERM_SESSION_ID" value="20D2790F-0FEC-4CCB-A10B-030C8F4ED298" />
    <property name="umple.stable.jar" value="/Users/abdulaziz/tmp/umple/dist/libs/umple-1.31.1.5860.78bb27cc6.jar" />
    <property name="haltonfailure" value="false" />
    <property name="connectionTimeout" value="30" />
    <property name="env.SHLVL" value="1" />
    <property name="dist.dir" value="/Users/abdulaziz/tmp/umple/dist" />
    <property name="dist.path" value="/Users/abdulaziz/tmp/umple/dist/cruise.umple" />
    <property name="java.io.tmpdir" value="/var/folders/fm/7tjk7l8154x840c6vvrs49p40000gn/T/" />
    <property name="umple.ivy.dep.file" value="/Users/abdulaziz/tmp/umple/build/ivy.xml" />
    <property name="dist.umple.run.jar.prev" value="umplerun-1.31.1.5860.78bb27cc6.jar" />
    <property name="dist.umple.jar" value="umple-1.31.1.5860.78bb27cc6.jar" />
    <property name="java.version" value="15.0.1" />
    <property name="env.SSH_AUTH_SOCK" value="/private/tmp/com.apple.launchd.qK4l0KXsgu/Listeners" />
    <property name="java.vm.specification.name" value="Java Virtual Machine Specification" />
    <property name="ant.home" value="/usr/local/Cellar/ant/1.10.9/libexec" />
    <property name="ant.file.type.UmpleDeps" value="file" />
    <property name="env.SDKMAN_DIR" value="/Users/abdulaziz/.sdkman" />
    <property name="ant.version" value="Apache Ant(TM) version 1.10.9 compiled on September 27 2020" />
    <property name="env.TMPDIR" value="/var/folders/fm/7tjk7l8154x840c6vvrs49p40000gn/T/" />
    <property name="env.SDKMAN_PLATFORM" value="darwinx64" />
    <property name="java.library.path" value="/Users/abdulaziz/Library/Java/Extensions:/Library/Java/Extensions:/Network/Library/Java/Extensions:/System/Library/Java/Extensions:/usr/lib/java:." />
    <property name="java.vendor" value="N/A" />
    <property name="shouldPackageUmpleOnline" value="false" />
    <property name="dist.umple.validator.jar" value="umplevalidator-1.31.1.5860.78bb27cc6.jar" />
    <property name="sun.io.unicode.encoding" value="UnicodeBig" />
    <property name="jopt-simple.install.version" value="4.4" />
    <property name="socksNonProxyHosts" value="local|*.local|169.254/16|*.169.254/16" />
    <property name="env.SDKMAN_CANDIDATES_DIR" value="/Users/abdulaziz/.sdkman/candidates" />
    <property name="env.TERM_PROGRAM" value="Apple_Terminal" />
    <property name="vendors.path" value="/Users/abdulaziz/tmp/umple/dist/libs/vendors" />
    <property name="env.PWD" value="/Users/abdulaziz/tmp/umple/build" />
    <property name="ant.file.type" value="file" />
    <property name="last.version" value="1.31.1.5860.78bb27cc6" />
    <property name="env.LANG" value="en_CA.UTF-8" />
    <property name="ant.file.type.VersionLast" value="file" />
    <property name="java.class.path" value="/Users/abdulaziz/tmp/umple/cruise.umple/bin:/Users/abdulaziz/tmp/umple/dist/libs/core/ant-launcher.jar:/Users/abdulaziz/tmp/umple/dist/libs/core/ant.jar:/Users/abdulaziz/tmp/umple/dist/libs/core/jopt-simple.jar:/Users/abdulaziz/tmp/umple/dist/libs/test/hamcrest-core.jar:/Users/abdulaziz/tmp/umple/dist/libs/test/junit.jar:/Users/abdulaziz/.ant/lib/junit.jar:/usr/local/Cellar/ant/1.10.9/libexec/lib/ant-launcher.jar:/usr/local/Cellar/ant/1.10.9/libexec/lib/ant.jar:/usr/local/Cellar/ant/1.10.9/libexec/lib/ant-junit.jar:/usr/local/Cellar/ant/1.10.9/libexec/lib/ant-junit4.jar" />
    <property name="env.HOME" value="/Users/abdulaziz" />
    <property name="java.vm.vendor" value="Oracle Corporation" />
    <property name="env.GRADLE_HOME" value="/Users/abdulaziz/.sdkman/candidates/gradle/current" />
    <property name="xtext.project.path" value="cruise.umple.xtext" />
    <property name="ant.file.type.Template" value="file" />
    <property name="user.timezone" value="America/Toronto" />
    <property name="project.path" value="cruise.umple" />
    <property name="ant.file.UmpleDeps" value="/Users/abdulaziz/tmp/umple/build/build.deps.xml" />
    <property name="java.vm.specification.version" value="15" />
    <property name="os.name" value="Mac OS X" />
    <property name="env.DISPLAY" value="/private/tmp/com.apple.launchd.8VZUm1G4zQ/org.xquartz:0" />
    <property name="dist.umple.sync.jar" value="umplesync-1.31.1.5860.78bb27cc6.jar" />
    <property name="sun.java.launcher" value="SUN_STANDARD" />
    <property name="user.country" value="CA" />
    <property name="dist.umple.run.jar" value="umplerun-1.31.1.5860.78bb27cc6.jar" />
    <property name="http.nonProxyHosts" value="local|*.local|169.254/16|*.169.254/16" />
    <property name="sun.cpu.endian" value="little" />
    <property name="user.home" value="/Users/abdulaziz" />
    <property name="user.language" value="en" />
    <property name="ivy.install.version" value="2.4.0" />
    <property name="ant.java.version" value="15" />
    <property name="ant.file.type.Umple" value="file" />
    <property name="showJunitSummary" value="false" />
    <property name="bin.path" value="cruise.umple/bin" />
    <property name="umple.version" value="1.31.1.5860.78bb27cc6" />
    <property name="dist.umple.sync.jar.prev" value="umplesync-1.31.1.5860.78bb27cc6.jar" />
    <property name="ivyResolveLogLevel" value="download-only" />
    <property name="env.XPC_SERVICE_NAME" value="0" />
    <property name="user.home.ant" value="/Users/abdulaziz/.ant/lib" />
    <property name="ftp.nonProxyHosts" value="local|*.local|169.254/16|*.169.254/16" />
    <property name="is.osx" value="true" />
    <property name="dist.umple.stats.jar.prev" value="umplestats-1.31.1.5860.78bb27cc6.jar" />
    <property name="ant.file" value="/Users/abdulaziz/tmp/umple/build/build.umple.xml" />
    <property name="path.separator" value=":" />
    <property name="dist.umple.umplificator.jar.prev" value="umpleumplificator-1.31.1.5860.78bb27cc6.jar" />
    <property name="os.version" value="11.6" />
    <property name="ant.file.VersionLast" value="/Users/abdulaziz/tmp/umple/build/_versionLast.xml" />
    <property name="ant.file.Umple" value="/Users/abdulaziz/tmp/umple/build/build.xml" />
    <property name="java.runtime.name" value="OpenJDK Runtime Environment" />
    <property name="dist.umple.docs.jar" value="umpledocs-1.31.1.5860.78bb27cc6.jar" />
    <property name="ant.project.invoked-targets" value="template.test" />
    <property name="dist.umple.umplificator.jar" value="umpleumplificator-1.31.1.5860.78bb27cc6.jar" />
    <property name="java.vm.name" value="OpenJDK 64-Bit Server VM" />
    <property name="ant.file.LocalBuildProperties" value="/Users/abdulaziz/tmp/umple/build/_local.xml" />
    <property name="env.SHELL" value="/bin/zsh" />
    <property name="ant.core.lib" value="/usr/local/Cellar/ant/1.10.9/libexec/lib/ant.jar" />
    <property name="java.vendor.url.bug" value="https://bugreport.java.com/bugreport/" />
    <property name="junit" value="*Test" />
    <property name="user.dir" value="/Users/abdulaziz/tmp/umple/build" />
    <property name="os.arch" value="x86_64" />
    <property name="env.SDKMAN_VERSION" value="5.11.5+713" />
    <property name="shouldDeploy" value="false" />
    <property name="dist.umple.validator.jar.prev" value="umplevalidator-1.31.1.5860.78bb27cc6.jar" />
    <property name="java.vm.info" value="mixed mode, sharing" />
    <property name="java.vm.version" value="15.0.1+9" />
    <property name="ant.file.UmpleCore" value="/Users/abdulaziz/tmp/umple/build/build.umple.xml" />
    <property name="online" value="true" />
    <property name="myenv" value="local" />
    <property name="umple.deps.manual.dir" value="/Users/abdulaziz/tmp/umple/dist/libs/manual" />
    <property name="env.USER" value="abdulaziz" />
    <property name="java.class.version" value="59.0" />
    <property name="first.build" value="false" />
    <property name="dist.umple.jar.prev" value="umple-1.31.1.5860.78bb27cc6.jar" />
    <property name="env.JAVA_MAIN_CLASS_3280" value="org.apache.tools.ant.launch.Launcher" />
    <property name="ant.project.default-target" value="build" />
  </properties>
  <testcase classname="cruise.umple.implementation.php.PhpReflexiveAssociationTest" name="OneToMany" time="0.008" />
  <testcase classname="cruise.umple.implementation.php.PhpReflexiveAssociationTest" name="OptionalOneAsymmetric" time="0.007" />
  <testcase classname="cruise.umple.implementation.php.PhpReflexiveAssociationTest" name="OneSymmetric" time="0.012" />
  <testcase classname="cruise.umple.implementation.php.PhpReflexiveAssociationTest" name="OneSymmetricNoParam" time="0.007" />
  <testcase classname="cruise.umple.implementation.php.PhpReflexiveAssociationTest" name="OptionalOneSymmetric" time="0.006" />
  <testcase classname="cruise.umple.implementation.php.PhpReflexiveAssociationTest" name="avoidJunitError" time="0.001" />
  <system-out><![CDATA[<?php
/*PLEASE DO NOT EDIT THIS CODE*/
/*This code was generated using the UMPLE 1.31.1.5860.78bb27cc6 modeling language!*/

class OneToMany
{

  //------------------------
  // MEMBER VARIABLES
  //------------------------

  //OneToMany Associations
  private $oneToMany;

  //------------------------
  // CONSTRUCTOR
  //------------------------

  public function __construct($aOneToMany)
  {
    if (!$this->setOneToMany($aOneToMany))
    {
      throw new Exception("Unable to create OneToMany due to aOneToMany. See http://manual.umple.org?RE002ViolationofAssociationMultiplicity.html");
    }
  }

  //------------------------
  // INTERFACE
  //------------------------

  public function getOneToMany()
  {
    return $this->oneToMany;
  }

  public function setOneToMany($aNewOneToMany)
  {
    $wasSet = false;
    if ($aNewOneToMany != null)
    {
      $this->oneToMany = $aNewOneToMany;
      $wasSet = true;
    }
    return $wasSet;
  }

  public function equals($compareTo)
  {
    return $this == $compareTo;
  }

  public function delete()
  {
    $this->oneToMany = null;
  }

}
?>
<?php
/*PLEASE DO NOT EDIT THIS CODE*/
/*This code was generated using the UMPLE 1.31.1.5860.78bb27cc6 modeling language!*/

class Student
{

  //------------------------
  // MEMBER VARIABLES
  //------------------------

  //Student Attributes
  private $number;

  //Student Associations
  private $pupil;
  private $ta;

  //------------------------
  // CONSTRUCTOR
  //------------------------

  public function __construct($aNumber)
  {
    $this->number = $aNumber;
  }

  //------------------------
  // INTERFACE
  //------------------------

  public function setNumber($aNumber)
  {
    $wasSet = false;
    $this->number = $aNumber;
    $wasSet = true;
    return $wasSet;
  }

  public function getNumber()
  {
    return $this->number;
  }

  public function getPupil()
  {
    return $this->pupil;
  }

  public function hasPupil()
  {
    $has = $this->pupil != null;
    return $has;
  }

  public function getTa()
  {
    return $this->ta;
  }

  public function hasTa()
  {
    $has = $this->ta != null;
    return $has;
  }

  public function setPupil($aNewPupil)
  {
    $wasSet = false;
    if ($aNewPupil == null)
    {
      $existingPupil = $this->pupil;
      $this->pupil = null;
      
      if ($existingPupil != null && $existingPupil->getTa() != null)
      {
        $existingPupil->setTa(null);
      }
      $wasSet = true;
      return $wasSet;
    }
    
    $currentPupil = $this->getPupil();
    if ($currentPupil != null && $currentPupil != $aNewPupil)
    {
      $currentPupil->setTa(null);
    }
    
    $this->pupil = $aNewPupil;
    $existingTa = $aNewPupil->getTa();
    
    if ($this != $existingTa)
    {
      $aNewPupil->setTa($this);
    }
    $wasSet = true;
    return $wasSet;
  }

  public function setTa($aNewTa)
  {
    $wasSet = false;
    if ($aNewTa == null)
    {
      $existingTa = $this->ta;
      $this->ta = null;
      
      if ($existingTa != null && $existingTa->getPupil() != null)
      {
        $existingTa->setPupil(null);
      }
      $wasSet = true;
      return $wasSet;
    }
    
    $currentTa = $this->getTa();
    if ($currentTa != null && $currentTa != $aNewTa)
    {
      $currentTa->setPupil(null);
    }
    
    $this->ta = $aNewTa;
    $existingPupil = $aNewTa->getPupil();
    
    if ($this != $existingPupil)
    {
      $aNewTa->setPupil($this);
    }
    $wasSet = true;
    return $wasSet;
  }

  public function equals($compareTo)
  {
    return $this == $compareTo;
  }

  public function delete()
  {
    if ($this->pupil != null)
    {
      $this->pupil->setTa(null);
    }
    if ($this->ta != null)
    {
      $this->ta->setPupil(null);
    }
  }

}
?>
<?php
/*PLEASE DO NOT EDIT THIS CODE*/
/*This code was generated using the UMPLE 1.31.1.5860.78bb27cc6 modeling language!*/

class OneSymmetric
{

  //------------------------
  // MEMBER VARIABLES
  //------------------------

  //OneSymmetric Attributes
  private $name;
  private $number;

  //OneSymmetric Associations
  private $friend;

  //------------------------
  // CONSTRUCTOR
  //------------------------

  public function __construct($aName = null, $aNumber = null, $aFriend = null)
  {
    if (func_num_args() == 0) { return; }

    $this->name = $aName;
    $this->number = $aNumber;
    if ($aFriend == null || $aFriend->getFriend() != null)
    {
      throw new Exception("Unable to create OneSymmetric due to aFriend. See http://manual.umple.org?RE002ViolationofAssociationMultiplicity.html");
    }
    $this->friend = $aFriend;
  }
  public static function newInstance($aName, $aNumber, $aNameForFriend, $aNumberForFriend)
  {
    $thisInstance = new OneSymmetric();
    $thisInstance->name = $aName;
    $thisInstance->number = $aNumber;
    $thisInstance->friend = new OneSymmetric($aNameForFriend, $aNumberForFriend, $thisInstance);
    return $thisInstance;
  }

  //------------------------
  // INTERFACE
  //------------------------

  public function setName($aName)
  {
    $wasSet = false;
    $this->name = $aName;
    $wasSet = true;
    return $wasSet;
  }

  public function setNumber($aNumber)
  {
    $wasSet = false;
    $this->number = $aNumber;
    $wasSet = true;
    return $wasSet;
  }

  public function getName()
  {
    return $this->name;
  }

  public function getNumber()
  {
    return $this->number;
  }

  public function getFriend()
  {
    return $this->friend;
  }

  public function equals($compareTo)
  {
    return $this == $compareTo;
  }

  public function delete()
  {
    $existingFriend = $this->friend;
    $this->friend = null;
    if ($existingFriend != null)
    {
      $existingFriend->delete();
    }
  }

}
?>
<?php
/*PLEASE DO NOT EDIT THIS CODE*/
/*This code was generated using the UMPLE 1.31.1.5860.78bb27cc6 modeling language!*/

class OneSymmetricNoParam
{

  //------------------------
  // MEMBER VARIABLES
  //------------------------

  //OneSymmetricNoParam Associations
  private $friend;

  //------------------------
  // CONSTRUCTOR
  //------------------------

  public function __construct($aFriend = null)
  {
    if (func_num_args() == 0) { return; }

    if ($aFriend == null || $aFriend->getFriend() != null)
    {
      throw new Exception("Unable to create OneSymmetricNoParam due to aFriend. See http://manual.umple.org?RE002ViolationofAssociationMultiplicity.html");
    }
    $this->friend = $aFriend;
  }
  public static function newInstance()
  {
    $thisInstance = new OneSymmetricNoParam();
    $thisInstance->friend = new OneSymmetricNoParam($thisInstance);
    return $thisInstance;
  }

  //------------------------
  // INTERFACE
  //------------------------

  public function getFriend()
  {
    return $this->friend;
  }

  public function equals($compareTo)
  {
    return $this == $compareTo;
  }

  public function delete()
  {
    $existingFriend = $this->friend;
    $this->friend = null;
    if ($existingFriend != null)
    {
      $existingFriend->delete();
    }
  }

}
?>
<?php
/*PLEASE DO NOT EDIT THIS CODE*/
/*This code was generated using the UMPLE 1.31.1.5860.78bb27cc6 modeling language!*/

class Mentor
{

  //------------------------
  // MEMBER VARIABLES
  //------------------------

  //Mentor Attributes
  private $name;

  //Mentor Associations
  private $superMentor;

  //------------------------
  // CONSTRUCTOR
  //------------------------

  public function __construct($aName)
  {
    $this->name = $aName;
  }

  //------------------------
  // INTERFACE
  //------------------------

  public function setName($aName)
  {
    $wasSet = false;
    $this->name = $aName;
    $wasSet = true;
    return $wasSet;
  }

  public function getName()
  {
    return $this->name;
  }

  public function getSuperMentor()
  {
    return $this->superMentor;
  }

  public function hasSuperMentor()
  {
    $has = $this->superMentor != null;
    return $has;
  }

  public function setSuperMentor($aNewSuperMentor)
  {
    $wasSet = false;
    if ($aNewSuperMentor == null)
    {
      $existingSuperMentor = $this->superMentor;
      $this->superMentor = null;
      
      if ($existingSuperMentor != null && $existingSuperMentor->getSuperMentor() != null)
      {
        $existingSuperMentor->setSuperMentor(null);
      }
      $wasSet = true;
      return $wasSet;
    }
    
    $currentSuperMentor = $this->getSuperMentor();
    if ($currentSuperMentor != null && $currentSuperMentor != $aNewSuperMentor)
    {
      $currentSuperMentor->setSuperMentor(null);
    }
    
    $this->superMentor = $aNewSuperMentor;
    $existingSuperMentor = $aNewSuperMentor->getSuperMentor();
    
    if ($this != $existingSuperMentor)
    {
      $aNewSuperMentor->setSuperMentor($this);
    }
    $wasSet = true;
    return $wasSet;
  }

  public function equals($compareTo)
  {
    return $this == $compareTo;
  }

  public function delete()
  {
    if ($this->superMentor != null)
    {
      $this->superMentor->setSuperMentor(null);
    }
  }

}
?>
]]></system-out>
  <system-err><![CDATA[]]></system-err>
</testsuite>
