<?xml version="1.0" encoding="UTF-8" ?>
<testsuite errors="0" failures="0" hostname="Abdulazizs-MacBook-Pro.local" name="cruise.umple.sync.UpdatePositioningActionTest" skipped="0" tests="13" time="15.07" timestamp="2021-10-26T14:28:21">
  <properties>
    <property name="ant.library.dir" value="/usr/local/Cellar/ant/1.10.9/libexec/lib" />
    <property name="env.TERM" value="xterm-256color" />
    <property name="java.specification.version" value="15" />
    <property name="ant.project.name" value="UmpleCore" />
    <property name="ant.file.type.UmpleCore" value="file" />
    <property name="sun.jnu.encoding" value="UTF-8" />
    <property name="ant.file.type.LocalBuildProperties" value="file" />
    <property name="env.SDKMAN_CANDIDATES_API" value="https://api.sdkman.io/2" />
    <property name="sun.arch.data.model" value="64" />
    <property name="dist.umple.docs.jar.prev" value="umpledocs-1.31.1.5860.78bb27cc6.jar" />
    <property name="rake_cmd" value="rake" />
    <property name="showJunitOutput" value="false" />
    <property name="umple.deps.dir" value="/Users/abdulaziz/tmp/umple/dist/libs" />
    <property name="java.vendor.url" value="https://openjdk.java.net/" />
    <property name="dist.libs.dir" value="/Users/abdulaziz/tmp/umple/dist/libs" />
    <property name="sun.boot.library.path" value="/usr/local/Cellar/openjdk/15.0.1/libexec/openjdk.jdk/Contents/Home/lib" />
    <property name="sun.java.command" value="org.apache.tools.ant.taskdefs.optional.junit.JUnitTestRunner testsfile=/Users/abdulaziz/tmp/umple/junittestcases9945622084601822128.properties skipNonTests=false filtertrace=true haltOnError=false haltOnFailure=false showoutput=false outputtoformatters=true logfailedtests=true threadid=0 logtestlistenerevents=false formatter=org.apache.tools.ant.taskdefs.optional.junit.XMLJUnitResultFormatter,/Users/abdulaziz/tmp/umple/dist/qa/cruise.umple/IGNORETHIS.xml crashfile=/Users/abdulaziz/tmp/umple/junitvmwatcher11280979461299836288.properties propsfile=/Users/abdulaziz/tmp/umple/junit10838995335343066243.properties" />
    <property name="jdk.debug" value="release" />
    <property name="java.specification.vendor" value="Oracle Corporation" />
    <property name="test.output.path" value="/Users/abdulaziz/tmp/umple/dist/qa/cruise.umple" />
    <property name="env.JAVA_HOME" value="/usr/local/opt/openjdk" />
    <property name="java.version.date" value="2020-10-20" />
    <property name="java.home" value="/usr/local/Cellar/openjdk/15.0.1/libexec/openjdk.jdk/Contents/Home" />
    <property name="basedir" value="/Users/abdulaziz/tmp/umple" />
    <property name="file.separator" value="/" />
    <property name="java.vm.compressedOopsMode" value="Zero based" />
    <property name="line.separator" value="&#xa;" />
    <property name="ivy.jar.file" value="/Users/abdulaziz/.ant/lib/ivy-2.4.0.jar" />
    <property name="java.specification.name" value="Java Platform API Specification" />
    <property name="java.vm.specification.vendor" value="Oracle Corporation" />
    <property name="ant.file.Template" value="/Users/abdulaziz/tmp/umple/build/_template.xml" />
    <property name="dist.umple.stats.jar" value="umplestats-1.31.1.5860.78bb27cc6.jar" />
    <property name="ivyRetrieveLogLevel" value="quiet" />
    <property name="sun.management.compiler" value="HotSpot 64-Bit Tiered Compilers" />
    <property name="java.runtime.version" value="15.0.1+9" />
    <property name="env.TERM_PROGRAM_VERSION" value="440" />
    <property name="user.name" value="abdulaziz" />
    <property name="env.PATH" value="/Users/abdulaziz/.sdkman/candidates/gradle/current/bin:/Library/Frameworks/Python.framework/Versions/3.9/bin:/usr/local/bin:/usr/bin:/bin:/usr/sbin:/sbin:/opt/X11/bin:/Library/Apple/usr/bin:/Library/Frameworks/Mono.framework/Versions/Current/Commands" />
    <property name="env.LOGNAME" value="abdulaziz" />
    <property name="env.XPC_FLAGS" value="0x0" />
    <property name="env.__CF_USER_TEXT_ENCODING" value="0x1F5:0x0:0x0" />
    <property name="file.encoding" value="UTF-8" />
    <property name="env.__CFBundleIdentifier" value="com.apple.Terminal" />
    <property name="env.TERM_SESSION_ID" value="20D2790F-0FEC-4CCB-A10B-030C8F4ED298" />
    <property name="umple.stable.jar" value="/Users/abdulaziz/tmp/umple/dist/libs/umple-1.31.1.5860.78bb27cc6.jar" />
    <property name="haltonfailure" value="false" />
    <property name="connectionTimeout" value="30" />
    <property name="env.SHLVL" value="1" />
    <property name="dist.dir" value="/Users/abdulaziz/tmp/umple/dist" />
    <property name="dist.path" value="/Users/abdulaziz/tmp/umple/dist/cruise.umple" />
    <property name="java.io.tmpdir" value="/var/folders/fm/7tjk7l8154x840c6vvrs49p40000gn/T/" />
    <property name="umple.ivy.dep.file" value="/Users/abdulaziz/tmp/umple/build/ivy.xml" />
    <property name="dist.umple.run.jar.prev" value="umplerun-1.31.1.5860.78bb27cc6.jar" />
    <property name="dist.umple.jar" value="umple-1.31.1.5860.78bb27cc6.jar" />
    <property name="java.version" value="15.0.1" />
    <property name="env.SSH_AUTH_SOCK" value="/private/tmp/com.apple.launchd.qK4l0KXsgu/Listeners" />
    <property name="java.vm.specification.name" value="Java Virtual Machine Specification" />
    <property name="ant.home" value="/usr/local/Cellar/ant/1.10.9/libexec" />
    <property name="ant.file.type.UmpleDeps" value="file" />
    <property name="env.SDKMAN_DIR" value="/Users/abdulaziz/.sdkman" />
    <property name="ant.version" value="Apache Ant(TM) version 1.10.9 compiled on September 27 2020" />
    <property name="env.TMPDIR" value="/var/folders/fm/7tjk7l8154x840c6vvrs49p40000gn/T/" />
    <property name="env.SDKMAN_PLATFORM" value="darwinx64" />
    <property name="java.library.path" value="/Users/abdulaziz/Library/Java/Extensions:/Library/Java/Extensions:/Network/Library/Java/Extensions:/System/Library/Java/Extensions:/usr/lib/java:." />
    <property name="java.vendor" value="N/A" />
    <property name="shouldPackageUmpleOnline" value="false" />
    <property name="dist.umple.validator.jar" value="umplevalidator-1.31.1.5860.78bb27cc6.jar" />
    <property name="sun.io.unicode.encoding" value="UnicodeBig" />
    <property name="jopt-simple.install.version" value="4.4" />
    <property name="socksNonProxyHosts" value="local|*.local|169.254/16|*.169.254/16" />
    <property name="env.SDKMAN_CANDIDATES_DIR" value="/Users/abdulaziz/.sdkman/candidates" />
    <property name="env.TERM_PROGRAM" value="Apple_Terminal" />
    <property name="vendors.path" value="/Users/abdulaziz/tmp/umple/dist/libs/vendors" />
    <property name="env.PWD" value="/Users/abdulaziz/tmp/umple/build" />
    <property name="ant.file.type" value="file" />
    <property name="last.version" value="1.31.1.5860.78bb27cc6" />
    <property name="env.LANG" value="en_CA.UTF-8" />
    <property name="ant.file.type.VersionLast" value="file" />
    <property name="java.class.path" value="/Users/abdulaziz/tmp/umple/cruise.umple/bin:/Users/abdulaziz/tmp/umple/dist/libs/core/ant-launcher.jar:/Users/abdulaziz/tmp/umple/dist/libs/core/ant.jar:/Users/abdulaziz/tmp/umple/dist/libs/core/jopt-simple.jar:/Users/abdulaziz/tmp/umple/dist/libs/test/hamcrest-core.jar:/Users/abdulaziz/tmp/umple/dist/libs/test/junit.jar:/Users/abdulaziz/.ant/lib/junit.jar:/usr/local/Cellar/ant/1.10.9/libexec/lib/ant-launcher.jar:/usr/local/Cellar/ant/1.10.9/libexec/lib/ant.jar:/usr/local/Cellar/ant/1.10.9/libexec/lib/ant-junit.jar:/usr/local/Cellar/ant/1.10.9/libexec/lib/ant-junit4.jar" />
    <property name="env.HOME" value="/Users/abdulaziz" />
    <property name="java.vm.vendor" value="Oracle Corporation" />
    <property name="env.GRADLE_HOME" value="/Users/abdulaziz/.sdkman/candidates/gradle/current" />
    <property name="xtext.project.path" value="cruise.umple.xtext" />
    <property name="ant.file.type.Template" value="file" />
    <property name="user.timezone" value="America/Toronto" />
    <property name="project.path" value="cruise.umple" />
    <property name="ant.file.UmpleDeps" value="/Users/abdulaziz/tmp/umple/build/build.deps.xml" />
    <property name="java.vm.specification.version" value="15" />
    <property name="os.name" value="Mac OS X" />
    <property name="env.DISPLAY" value="/private/tmp/com.apple.launchd.8VZUm1G4zQ/org.xquartz:0" />
    <property name="dist.umple.sync.jar" value="umplesync-1.31.1.5860.78bb27cc6.jar" />
    <property name="sun.java.launcher" value="SUN_STANDARD" />
    <property name="user.country" value="CA" />
    <property name="dist.umple.run.jar" value="umplerun-1.31.1.5860.78bb27cc6.jar" />
    <property name="http.nonProxyHosts" value="local|*.local|169.254/16|*.169.254/16" />
    <property name="sun.cpu.endian" value="little" />
    <property name="user.home" value="/Users/abdulaziz" />
    <property name="user.language" value="en" />
    <property name="ivy.install.version" value="2.4.0" />
    <property name="ant.java.version" value="15" />
    <property name="ant.file.type.Umple" value="file" />
    <property name="showJunitSummary" value="false" />
    <property name="bin.path" value="cruise.umple/bin" />
    <property name="umple.version" value="1.31.1.5860.78bb27cc6" />
    <property name="dist.umple.sync.jar.prev" value="umplesync-1.31.1.5860.78bb27cc6.jar" />
    <property name="ivyResolveLogLevel" value="download-only" />
    <property name="env.XPC_SERVICE_NAME" value="0" />
    <property name="user.home.ant" value="/Users/abdulaziz/.ant/lib" />
    <property name="ftp.nonProxyHosts" value="local|*.local|169.254/16|*.169.254/16" />
    <property name="is.osx" value="true" />
    <property name="dist.umple.stats.jar.prev" value="umplestats-1.31.1.5860.78bb27cc6.jar" />
    <property name="ant.file" value="/Users/abdulaziz/tmp/umple/build/build.umple.xml" />
    <property name="path.separator" value=":" />
    <property name="dist.umple.umplificator.jar.prev" value="umpleumplificator-1.31.1.5860.78bb27cc6.jar" />
    <property name="os.version" value="11.6" />
    <property name="ant.file.VersionLast" value="/Users/abdulaziz/tmp/umple/build/_versionLast.xml" />
    <property name="ant.file.Umple" value="/Users/abdulaziz/tmp/umple/build/build.xml" />
    <property name="java.runtime.name" value="OpenJDK Runtime Environment" />
    <property name="dist.umple.docs.jar" value="umpledocs-1.31.1.5860.78bb27cc6.jar" />
    <property name="ant.project.invoked-targets" value="template.test" />
    <property name="dist.umple.umplificator.jar" value="umpleumplificator-1.31.1.5860.78bb27cc6.jar" />
    <property name="java.vm.name" value="OpenJDK 64-Bit Server VM" />
    <property name="ant.file.LocalBuildProperties" value="/Users/abdulaziz/tmp/umple/build/_local.xml" />
    <property name="env.SHELL" value="/bin/zsh" />
    <property name="ant.core.lib" value="/usr/local/Cellar/ant/1.10.9/libexec/lib/ant.jar" />
    <property name="java.vendor.url.bug" value="https://bugreport.java.com/bugreport/" />
    <property name="junit" value="*Test" />
    <property name="user.dir" value="/Users/abdulaziz/tmp/umple/build" />
    <property name="os.arch" value="x86_64" />
    <property name="env.SDKMAN_VERSION" value="5.11.5+713" />
    <property name="shouldDeploy" value="false" />
    <property name="dist.umple.validator.jar.prev" value="umplevalidator-1.31.1.5860.78bb27cc6.jar" />
    <property name="java.vm.info" value="mixed mode, sharing" />
    <property name="java.vm.version" value="15.0.1+9" />
    <property name="ant.file.UmpleCore" value="/Users/abdulaziz/tmp/umple/build/build.umple.xml" />
    <property name="online" value="true" />
    <property name="myenv" value="local" />
    <property name="umple.deps.manual.dir" value="/Users/abdulaziz/tmp/umple/dist/libs/manual" />
    <property name="env.USER" value="abdulaziz" />
    <property name="java.class.version" value="59.0" />
    <property name="first.build" value="false" />
    <property name="dist.umple.jar.prev" value="umple-1.31.1.5860.78bb27cc6.jar" />
    <property name="env.JAVA_MAIN_CLASS_3280" value="org.apache.tools.ant.launch.Launcher" />
    <property name="ant.project.default-target" value="build" />
  </properties>
  <testcase classname="cruise.umple.sync.UpdatePositioningActionTest" name="GoDMMExample" time="14.85" />
  <testcase classname="cruise.umple.sync.UpdatePositioningActionTest" name="GoMultipleClassesWithPositioning" time="0.015" />
  <testcase classname="cruise.umple.sync.UpdatePositioningActionTest" name="GoOneClassNoPositioning" time="0.004" />
  <testcase classname="cruise.umple.sync.UpdatePositioningActionTest" name="GoDeleteClassesNotInModel" time="0.011" />
  <testcase classname="cruise.umple.sync.UpdatePositioningActionTest" name="GoMultipleClassesNoPositioning" time="0.019" />
  <testcase classname="cruise.umple.sync.UpdatePositioningActionTest" name="GoOneClassWithPositioning" time="0.003" />
  <testcase classname="cruise.umple.sync.UpdatePositioningActionTest" name="GoNestedClassNoPositioning" time="0.013" />
  <testcase classname="cruise.umple.sync.UpdatePositioningActionTest" name="GoNestedClassInnerHasPositioning" time="0.011" />
  <testcase classname="cruise.umple.sync.UpdatePositioningActionTest" name="GoClassHasMixin" time="0.005" />
  <testcase classname="cruise.umple.sync.UpdatePositioningActionTest" name="GoNestedClassOuterHasPositioning" time="0.012" />
  <testcase classname="cruise.umple.sync.UpdatePositioningActionTest" name="GoAssociationClassToAdd" time="0.105" />
  <testcase classname="cruise.umple.sync.UpdatePositioningActionTest" name="GoAssociationClassToDelete" time="0.021" />
  <testcase classname="cruise.umple.sync.UpdatePositioningActionTest" name="ignoreForAnt" time="0.0" />
  <system-out><![CDATA[// This example refers to Figures 2, 4, 5 and 6 of 'The Dagstuhl Middle Metamodel: 
// A Schema for Reverse Engineering', ATEM 2003, First International 
// Workshop on Meta-Models and Schemas for Reverse Engineering, 
// WCRE, Victoria, B.C., in Electronic Notes in Theoretical Computer
// Science, Elsevier, Vol. 94, pp 7-18,
// Authors: Lethbridge, T.C., Sander Tichelaar, and Erhard Ploedereder (2003) 

// To load the entire DMM example at once, copy and paste all 
// five DMM components (DMM*) into the editor.  Please note that the
// position attributes of classes and associations will need to be 
// re-adjusted, as the example has been made to display the diagrams 
// as separate entities.

class ModelElement{
  visibility;
}

class StructuralElement{
  isA ModelElement;
}

class BehaviouralElement{
  isA ModelElement;
}

class Invokes{
  * invoked -- 1 BehaviouralElement invokes;
  * invokes -- 1 BehaviouralElement invoked;
}

class Accesses{
  * -- 1 BehaviouralElement;
  * -- 1 StructuralElement;
}

class Package{
  isA ModelElement;
  * -- 0..1 Package isSubpackageOf;
}

class Contains{
  * contains -- 1 Package partOf;
  0..1 -- 1 ModelElement;
}

class Type{
  isA StructuralElement;
}

class IsDefinedInTermsOf{
  * definesBy -- 1 Type definedBy;
  * definedBy -- 1 Type definesBy;
}

class Value{
  isA StructuralElement;
}

class IsOfType{
  0..1 -- 1 Value;
  * -- 1 Type;
}

class EnumerationLiteral{
  isA Value;
}

class IsEnumerationLiteralOf{
  1..* -- 1 EnumerationLiteral;
  * -- 1 EnumeratedType;
}

class Variable{
  isA Value;
  0..1 -- 0..1 Value hasValue;
}

class Property{
  isA Variable;
  1 -- 1 MethodInProperty;
}

class MethodInProperty{
  isA Method;
}

class EnumeratedType{
  isA Type;
}

class CollectionType{
  isA Type;
  size;
}

class StructuredType{
  isA Type;
}

class Field{
  isA Variable;
}

class IsFieldOf{
  1 -- 1 Field;
  * -- 1 StructuredType;
}

class FormalParameter{
  isA Variable;
  pos;
}

class IsParameterOf{
  1 -- 1 FormalParameter;
  * -- 1 BehaviouralElement;
}

class Class{
  isA StructuredType;
  isSubclassable;
}

class InheritsFrom{
  1 transmits -- * Class inherits;
  1 inherits -- * Class transmits;
}

class Imports{
  * -- 1 Package;
  * -- 1 Class;
}

class ExecutableValue{
  isA BehaviouralElement;
}

class Method{
  isA BehaviouralElement;
  Boolean isConstructor;
  Boolean isDestructor;
  Boolean isAbstract;
  Boolean isDynamicallyBound;
  Boolean isOverideable;
}

class IsMethodOf{
  * -- 1 Class methodOf;
  0..1 -- 1 Method hasMethod;
}

class Routine{
  isA BehaviouralElement;
}
//$?[End_of_model]$?
//Positioning
class Method
{
  position 678 455 216 128;
}

class Class
{
  position 21 527 172 56;
}

class ModelElement
{
  position 359 11 129 58;
}

class FormalParameter
{
  position 546 457 109 58;
}

class CollectionType
{
  position 119 312 109 58;
}

class BehaviouralElement
{
  position 720 119 117 60;
}

class EnumerationLiteral
{
  position 364 332 131 41;
}

class Routine
{
  position 666 329 109 41;
}

class ExecutableValue
{
  position 803 330 131 46;
}

class Field
{
  position 318 457 109 41;
}

class StructuredType
{
  position 52 384 109 41;
}

class EnumeratedType
{
  position 188 381 109 41;
}

class Variable
{
  position 506 331 109 41;
  position.association 0 79,0 106,41;
}

class Value
{
  position 479 204 109 41;
}

class Type
{
  position 152 204 109 60;
}

class Package
{
  position 28 113 108 60;
}

class StructuralElement
{
  position 318 126 133 41;
}

class Property
{
  position 432 457 109 41;
  position.association 0 55,41 0,20;
}

// Association classes
class Accesses
{
  position 508 127 109 41;
  position.association 0 109,10 0,18;
  position.association 1 0,10 133,11;
}

class Invokes
{
  position 800 17 109 41;
  position.association 0 4,41 84,0;
  position.association 1 26,41 106,0;
}

class Contains
{
  position 24 14 109 41;
  position.association 0 24,41 20,0;
  position.association 1 109,23 0,26;
}

class IsOfType
{
  position 295 205 109 41;
  position.association 0 109,10 0,11;
  position.association 1 0,4 109,56;
}

class Imports
{
  position 6 226 109 41;
  position.association 0 62,0 40,60;
  position.association 1 26,41 11,0;

}

class IsDefinedInTermsOf
{
  position 154 110 135 41;
  position.association 0 38,41 40,0;
  position.association 1 10,41 12,0;
}

class IsParameterOf
{
  position 603 203 109 41;
  position.association 0 70,0 0,56.5;
  position.association 1 70,0 0,60;
}

class IsEnumerationLiteralOf
{
  position 260 269 135 41;
  position.association 0 90,41 0,30;
  position.association 1 28,41 100,0;
}

class IsFieldOf
{
  position 141 477 109 41;
  position.association 0 109,10 0,30;
  position.association 1 10,0 99,41;
}

class IsMethodOf
{
  position 363 551 109 41;
  position.association 0 0,10 172,34;
  position.association 1 109,10 0,106;
}

class InheritsFrom
{
  position 50 610 109 41;
  position.association 0 0,30 0,56;
  position.association 1 109,30 172,56;
}

class MethodInProperty
{
  position 740 630 132 49;
}

class Student
{
}

class Mentor
{
}

class Mentor
{
  position 60 160 109 41;
}

class Student
{
  position 100 100 109 41;
}

class Student
{
}

class Student
{
  position 60 60 109 41;
}

class Mentor
{
}

class Mentor
{
  position 60 160 109 41;
}


class Student
{
}

class Mentor
{
}

class Course
{
}

class Student
{
  position 60 60 109 41;
}

class Mentor
{
  position 60 160 109 41;
}

class Course
{
  position 60 260 109 41;
}

class Student
{
}

class Student
{
  position 138 153 109 41;
}

class A
{
  class B
  {
  }
}

class A
{
  position 60 60 109 41;
}

class B
{
  position 60 160 109 41;
}

class A
{
  class B
  {
  }
}

class B
{
  position 60 160 109 41;
}

class A
{
  position 60 60 109 41;
}

class Student
{
}

class Student
{
  name;
}

class Student
{
  position 50 30 109 41;
}

class A
{
  class B
  {
  }
}

class A
{
  position 60 60 109 41;
}

class B
{
  position 60 160 109 41;
}

class Student
{
}

class Mentor
{
}

associationClass Course
{
  * Student;
  * Mentor;  
}

class Student
{
  position 50 30 109 41;
}

class Mentor
{
  position 50 130 109 41;
}

class Course
{
  position 50 230 109 41;
}

class Student
{
}

class Mentor
{
}

associationClass Course
{
  * Student;
  * Mentor;
}

class Student
{
  position 50 30 109 41;
}

class Mentor
{
  position 50 130 109 41;
}

class Course
{
  position 50 230 109 41;
}

]]></system-out>
  <system-err><![CDATA[]]></system-err>
</testsuite>
