<?xml version="1.0" encoding="UTF-8" ?>
<testsuite errors="0" failures="0" hostname="Abdulazizs-MacBook-Pro.local" name="cruise.umple.implementation.ecore.EcoreGeneratorTest" skipped="0" tests="14" time="0.089" timestamp="2021-10-26T14:28:08">
  <properties>
    <property name="ant.library.dir" value="/usr/local/Cellar/ant/1.10.9/libexec/lib" />
    <property name="env.TERM" value="xterm-256color" />
    <property name="java.specification.version" value="15" />
    <property name="ant.project.name" value="UmpleCore" />
    <property name="ant.file.type.UmpleCore" value="file" />
    <property name="sun.jnu.encoding" value="UTF-8" />
    <property name="ant.file.type.LocalBuildProperties" value="file" />
    <property name="env.SDKMAN_CANDIDATES_API" value="https://api.sdkman.io/2" />
    <property name="sun.arch.data.model" value="64" />
    <property name="dist.umple.docs.jar.prev" value="umpledocs-1.31.1.5860.78bb27cc6.jar" />
    <property name="rake_cmd" value="rake" />
    <property name="showJunitOutput" value="false" />
    <property name="umple.deps.dir" value="/Users/abdulaziz/tmp/umple/dist/libs" />
    <property name="java.vendor.url" value="https://openjdk.java.net/" />
    <property name="dist.libs.dir" value="/Users/abdulaziz/tmp/umple/dist/libs" />
    <property name="sun.boot.library.path" value="/usr/local/Cellar/openjdk/15.0.1/libexec/openjdk.jdk/Contents/Home/lib" />
    <property name="sun.java.command" value="org.apache.tools.ant.taskdefs.optional.junit.JUnitTestRunner testsfile=/Users/abdulaziz/tmp/umple/junittestcases9945622084601822128.properties skipNonTests=false filtertrace=true haltOnError=false haltOnFailure=false showoutput=false outputtoformatters=true logfailedtests=true threadid=0 logtestlistenerevents=false formatter=org.apache.tools.ant.taskdefs.optional.junit.XMLJUnitResultFormatter,/Users/abdulaziz/tmp/umple/dist/qa/cruise.umple/IGNORETHIS.xml crashfile=/Users/abdulaziz/tmp/umple/junitvmwatcher11280979461299836288.properties propsfile=/Users/abdulaziz/tmp/umple/junit10838995335343066243.properties" />
    <property name="jdk.debug" value="release" />
    <property name="java.specification.vendor" value="Oracle Corporation" />
    <property name="test.output.path" value="/Users/abdulaziz/tmp/umple/dist/qa/cruise.umple" />
    <property name="env.JAVA_HOME" value="/usr/local/opt/openjdk" />
    <property name="java.version.date" value="2020-10-20" />
    <property name="java.home" value="/usr/local/Cellar/openjdk/15.0.1/libexec/openjdk.jdk/Contents/Home" />
    <property name="basedir" value="/Users/abdulaziz/tmp/umple" />
    <property name="file.separator" value="/" />
    <property name="java.vm.compressedOopsMode" value="Zero based" />
    <property name="line.separator" value="&#xa;" />
    <property name="ivy.jar.file" value="/Users/abdulaziz/.ant/lib/ivy-2.4.0.jar" />
    <property name="java.specification.name" value="Java Platform API Specification" />
    <property name="java.vm.specification.vendor" value="Oracle Corporation" />
    <property name="ant.file.Template" value="/Users/abdulaziz/tmp/umple/build/_template.xml" />
    <property name="dist.umple.stats.jar" value="umplestats-1.31.1.5860.78bb27cc6.jar" />
    <property name="ivyRetrieveLogLevel" value="quiet" />
    <property name="sun.management.compiler" value="HotSpot 64-Bit Tiered Compilers" />
    <property name="java.runtime.version" value="15.0.1+9" />
    <property name="env.TERM_PROGRAM_VERSION" value="440" />
    <property name="user.name" value="abdulaziz" />
    <property name="env.PATH" value="/Users/abdulaziz/.sdkman/candidates/gradle/current/bin:/Library/Frameworks/Python.framework/Versions/3.9/bin:/usr/local/bin:/usr/bin:/bin:/usr/sbin:/sbin:/opt/X11/bin:/Library/Apple/usr/bin:/Library/Frameworks/Mono.framework/Versions/Current/Commands" />
    <property name="env.LOGNAME" value="abdulaziz" />
    <property name="env.XPC_FLAGS" value="0x0" />
    <property name="env.__CF_USER_TEXT_ENCODING" value="0x1F5:0x0:0x0" />
    <property name="file.encoding" value="UTF-8" />
    <property name="env.__CFBundleIdentifier" value="com.apple.Terminal" />
    <property name="env.TERM_SESSION_ID" value="20D2790F-0FEC-4CCB-A10B-030C8F4ED298" />
    <property name="umple.stable.jar" value="/Users/abdulaziz/tmp/umple/dist/libs/umple-1.31.1.5860.78bb27cc6.jar" />
    <property name="haltonfailure" value="false" />
    <property name="connectionTimeout" value="30" />
    <property name="env.SHLVL" value="1" />
    <property name="dist.dir" value="/Users/abdulaziz/tmp/umple/dist" />
    <property name="dist.path" value="/Users/abdulaziz/tmp/umple/dist/cruise.umple" />
    <property name="java.io.tmpdir" value="/var/folders/fm/7tjk7l8154x840c6vvrs49p40000gn/T/" />
    <property name="umple.ivy.dep.file" value="/Users/abdulaziz/tmp/umple/build/ivy.xml" />
    <property name="dist.umple.run.jar.prev" value="umplerun-1.31.1.5860.78bb27cc6.jar" />
    <property name="dist.umple.jar" value="umple-1.31.1.5860.78bb27cc6.jar" />
    <property name="java.version" value="15.0.1" />
    <property name="env.SSH_AUTH_SOCK" value="/private/tmp/com.apple.launchd.qK4l0KXsgu/Listeners" />
    <property name="java.vm.specification.name" value="Java Virtual Machine Specification" />
    <property name="ant.home" value="/usr/local/Cellar/ant/1.10.9/libexec" />
    <property name="ant.file.type.UmpleDeps" value="file" />
    <property name="env.SDKMAN_DIR" value="/Users/abdulaziz/.sdkman" />
    <property name="ant.version" value="Apache Ant(TM) version 1.10.9 compiled on September 27 2020" />
    <property name="env.TMPDIR" value="/var/folders/fm/7tjk7l8154x840c6vvrs49p40000gn/T/" />
    <property name="env.SDKMAN_PLATFORM" value="darwinx64" />
    <property name="java.library.path" value="/Users/abdulaziz/Library/Java/Extensions:/Library/Java/Extensions:/Network/Library/Java/Extensions:/System/Library/Java/Extensions:/usr/lib/java:." />
    <property name="java.vendor" value="N/A" />
    <property name="shouldPackageUmpleOnline" value="false" />
    <property name="dist.umple.validator.jar" value="umplevalidator-1.31.1.5860.78bb27cc6.jar" />
    <property name="sun.io.unicode.encoding" value="UnicodeBig" />
    <property name="jopt-simple.install.version" value="4.4" />
    <property name="socksNonProxyHosts" value="local|*.local|169.254/16|*.169.254/16" />
    <property name="env.SDKMAN_CANDIDATES_DIR" value="/Users/abdulaziz/.sdkman/candidates" />
    <property name="env.TERM_PROGRAM" value="Apple_Terminal" />
    <property name="vendors.path" value="/Users/abdulaziz/tmp/umple/dist/libs/vendors" />
    <property name="env.PWD" value="/Users/abdulaziz/tmp/umple/build" />
    <property name="ant.file.type" value="file" />
    <property name="last.version" value="1.31.1.5860.78bb27cc6" />
    <property name="env.LANG" value="en_CA.UTF-8" />
    <property name="ant.file.type.VersionLast" value="file" />
    <property name="java.class.path" value="/Users/abdulaziz/tmp/umple/cruise.umple/bin:/Users/abdulaziz/tmp/umple/dist/libs/core/ant-launcher.jar:/Users/abdulaziz/tmp/umple/dist/libs/core/ant.jar:/Users/abdulaziz/tmp/umple/dist/libs/core/jopt-simple.jar:/Users/abdulaziz/tmp/umple/dist/libs/test/hamcrest-core.jar:/Users/abdulaziz/tmp/umple/dist/libs/test/junit.jar:/Users/abdulaziz/.ant/lib/junit.jar:/usr/local/Cellar/ant/1.10.9/libexec/lib/ant-launcher.jar:/usr/local/Cellar/ant/1.10.9/libexec/lib/ant.jar:/usr/local/Cellar/ant/1.10.9/libexec/lib/ant-junit.jar:/usr/local/Cellar/ant/1.10.9/libexec/lib/ant-junit4.jar" />
    <property name="env.HOME" value="/Users/abdulaziz" />
    <property name="java.vm.vendor" value="Oracle Corporation" />
    <property name="env.GRADLE_HOME" value="/Users/abdulaziz/.sdkman/candidates/gradle/current" />
    <property name="xtext.project.path" value="cruise.umple.xtext" />
    <property name="ant.file.type.Template" value="file" />
    <property name="user.timezone" value="America/Toronto" />
    <property name="project.path" value="cruise.umple" />
    <property name="ant.file.UmpleDeps" value="/Users/abdulaziz/tmp/umple/build/build.deps.xml" />
    <property name="java.vm.specification.version" value="15" />
    <property name="os.name" value="Mac OS X" />
    <property name="env.DISPLAY" value="/private/tmp/com.apple.launchd.8VZUm1G4zQ/org.xquartz:0" />
    <property name="dist.umple.sync.jar" value="umplesync-1.31.1.5860.78bb27cc6.jar" />
    <property name="sun.java.launcher" value="SUN_STANDARD" />
    <property name="user.country" value="CA" />
    <property name="dist.umple.run.jar" value="umplerun-1.31.1.5860.78bb27cc6.jar" />
    <property name="http.nonProxyHosts" value="local|*.local|169.254/16|*.169.254/16" />
    <property name="sun.cpu.endian" value="little" />
    <property name="user.home" value="/Users/abdulaziz" />
    <property name="user.language" value="en" />
    <property name="ivy.install.version" value="2.4.0" />
    <property name="ant.java.version" value="15" />
    <property name="ant.file.type.Umple" value="file" />
    <property name="showJunitSummary" value="false" />
    <property name="bin.path" value="cruise.umple/bin" />
    <property name="umple.version" value="1.31.1.5860.78bb27cc6" />
    <property name="dist.umple.sync.jar.prev" value="umplesync-1.31.1.5860.78bb27cc6.jar" />
    <property name="ivyResolveLogLevel" value="download-only" />
    <property name="env.XPC_SERVICE_NAME" value="0" />
    <property name="user.home.ant" value="/Users/abdulaziz/.ant/lib" />
    <property name="ftp.nonProxyHosts" value="local|*.local|169.254/16|*.169.254/16" />
    <property name="is.osx" value="true" />
    <property name="dist.umple.stats.jar.prev" value="umplestats-1.31.1.5860.78bb27cc6.jar" />
    <property name="ant.file" value="/Users/abdulaziz/tmp/umple/build/build.umple.xml" />
    <property name="path.separator" value=":" />
    <property name="dist.umple.umplificator.jar.prev" value="umpleumplificator-1.31.1.5860.78bb27cc6.jar" />
    <property name="os.version" value="11.6" />
    <property name="ant.file.VersionLast" value="/Users/abdulaziz/tmp/umple/build/_versionLast.xml" />
    <property name="ant.file.Umple" value="/Users/abdulaziz/tmp/umple/build/build.xml" />
    <property name="java.runtime.name" value="OpenJDK Runtime Environment" />
    <property name="dist.umple.docs.jar" value="umpledocs-1.31.1.5860.78bb27cc6.jar" />
    <property name="ant.project.invoked-targets" value="template.test" />
    <property name="dist.umple.umplificator.jar" value="umpleumplificator-1.31.1.5860.78bb27cc6.jar" />
    <property name="java.vm.name" value="OpenJDK 64-Bit Server VM" />
    <property name="ant.file.LocalBuildProperties" value="/Users/abdulaziz/tmp/umple/build/_local.xml" />
    <property name="env.SHELL" value="/bin/zsh" />
    <property name="ant.core.lib" value="/usr/local/Cellar/ant/1.10.9/libexec/lib/ant.jar" />
    <property name="java.vendor.url.bug" value="https://bugreport.java.com/bugreport/" />
    <property name="junit" value="*Test" />
    <property name="user.dir" value="/Users/abdulaziz/tmp/umple/build" />
    <property name="os.arch" value="x86_64" />
    <property name="env.SDKMAN_VERSION" value="5.11.5+713" />
    <property name="shouldDeploy" value="false" />
    <property name="dist.umple.validator.jar.prev" value="umplevalidator-1.31.1.5860.78bb27cc6.jar" />
    <property name="java.vm.info" value="mixed mode, sharing" />
    <property name="java.vm.version" value="15.0.1+9" />
    <property name="ant.file.UmpleCore" value="/Users/abdulaziz/tmp/umple/build/build.umple.xml" />
    <property name="online" value="true" />
    <property name="myenv" value="local" />
    <property name="umple.deps.manual.dir" value="/Users/abdulaziz/tmp/umple/dist/libs/manual" />
    <property name="env.USER" value="abdulaziz" />
    <property name="java.class.version" value="59.0" />
    <property name="first.build" value="false" />
    <property name="dist.umple.jar.prev" value="umple-1.31.1.5860.78bb27cc6.jar" />
    <property name="env.JAVA_MAIN_CLASS_3280" value="org.apache.tools.ant.launch.Launcher" />
    <property name="ant.project.default-target" value="build" />
  </properties>
  <testcase classname="cruise.umple.implementation.ecore.EcoreGeneratorTest" name="Namespaces" time="0.008" />
  <testcase classname="cruise.umple.implementation.ecore.EcoreGeneratorTest" name="Associations_Hide_Default_Multiplicity" time="0.007" />
  <testcase classname="cruise.umple.implementation.ecore.EcoreGeneratorTest" name="Multiple_Interfaces" time="0.003" />
  <testcase classname="cruise.umple.implementation.ecore.EcoreGeneratorTest" name="Multiple_Interfaces_With_ExtendedClass" time="0.002" />
  <testcase classname="cruise.umple.implementation.ecore.EcoreGeneratorTest" name="No_Namespaces" time="0.005" />
  <testcase classname="cruise.umple.implementation.ecore.EcoreGeneratorTest" name="Sole_Interface" time="0.001" />
  <testcase classname="cruise.umple.implementation.ecore.EcoreGeneratorTest" name="Ecore" time="0.014" />
  <testcase classname="cruise.umple.implementation.ecore.EcoreGeneratorTest" name="Instance_Type_Search" time="0.02" />
  <testcase classname="cruise.umple.implementation.ecore.EcoreGeneratorTest" name="UnidirectionalAssocaitions" time="0.003" />
  <testcase classname="cruise.umple.implementation.ecore.EcoreGeneratorTest" name="Type_Argument" time="0.007" />
  <testcase classname="cruise.umple.implementation.ecore.EcoreGeneratorTest" name="Associations_Role_Name_Plural_Form_Naming" time="0.004" />
  <testcase classname="cruise.umple.implementation.ecore.EcoreGeneratorTest" name="Associations" time="0.003" />
  <testcase classname="cruise.umple.implementation.ecore.EcoreGeneratorTest" name="ShouldApplyFilterFirst" time="0.006" />
  <testcase classname="cruise.umple.implementation.ecore.EcoreGeneratorTest" name="avoidJunitError" time="0.001" />
  <system-out><![CDATA[<?xml version="1.0" encoding="UTF-8"?>
<ecore:EPackage xmi:version="2.0" xmlns:xmi="http://www.omg.org/XMI" xmlns:xsi="http://www.w3.org/2001/XMLSchema-instance" xmlns:ecore="http://www.eclipse.org/emf/2002/Ecore" name="base" nsURI="cruise.example.base" nsPrefix="base">
  <eClassifiers xsi:type="ecore:EClass" name="Student">
    <eStructuralFeatures xsi:type="ecore:EReference" name="n" lowerBound="1" eType="#//Mentor" eOpposite="#//Mentor/b" />
    <eStructuralFeatures xsi:type="ecore:EReference" name="o" lowerBound="3" upperBound="3" eType="#//Mentor" eOpposite="#//Mentor/c" />
    <eStructuralFeatures xsi:type="ecore:EReference" name="p" upperBound="-1" eType="#//Mentor" eOpposite="#//Mentor/d" />
    <eStructuralFeatures xsi:type="ecore:EReference" name="m" upperBound="4" eType="#//Mentor" eOpposite="#//Mentor/a" />
  </eClassifiers>
  <eClassifiers xsi:type="ecore:EClass" name="Mentor">
    <eStructuralFeatures xsi:type="ecore:EReference" name="b" upperBound="-1" eType="#//Student" eOpposite="#//Student/n" />
    <eStructuralFeatures xsi:type="ecore:EReference" name="c" lowerBound="1" eType="#//Student" eOpposite="#//Student/o" />
    <eStructuralFeatures xsi:type="ecore:EReference" name="d" lowerBound="3" upperBound="5" eType="#//Student" eOpposite="#//Student/p" />
    <eStructuralFeatures xsi:type="ecore:EReference" name="a" eType="#//Student" eOpposite="#//Student/m" />
  </eClassifiers>
</ecore:EPackage>

<?xml version="1.0" encoding="UTF-8"?>
<ecore:EPackage xmi:version="2.0" xmlns:xmi="http://www.omg.org/XMI" xmlns:xsi="http://www.w3.org/2001/XMLSchema-instance" xmlns:ecore="http://www.eclipse.org/emf/2002/Ecore" name="example" nsURI="example" nsPrefix="example">
  <eClassifiers xsi:type="ecore:EClass" name="A">
    <eStructuralFeatures xsi:type="ecore:EReference" name="b1" upperBound="-1" eType="#//B" eOpposite="#//B/a1" />
    <eStructuralFeatures xsi:type="ecore:EReference" name="b2" lowerBound="1" eType="#//B" eOpposite="#//B/a2" />
    <eStructuralFeatures xsi:type="ecore:EReference" name="b3" eType="#//B" eOpposite="#//B/a3" />
    <eStructuralFeatures xsi:type="ecore:EReference" name="b4" lowerBound="1" upperBound="-1" eType="#//B" eOpposite="#//B/a4" />
    <eStructuralFeatures xsi:type="ecore:EReference" name="b5" upperBound="-1" eType="#//B" eOpposite="#//B/a5" />
    <eStructuralFeatures xsi:type="ecore:EReference" name="b6" lowerBound="1" eType="#//B" eOpposite="#//B/a6" />
    <eStructuralFeatures xsi:type="ecore:EReference" name="b7" eType="#//B" eOpposite="#//B/a7" />
    <eStructuralFeatures xsi:type="ecore:EReference" name="b8" lowerBound="1" upperBound="-1" eType="#//B" eOpposite="#//B/a8" />
    <eStructuralFeatures xsi:type="ecore:EReference" name="b9" upperBound="-1" eType="#//B" eOpposite="#//B/a9" />
    <eStructuralFeatures xsi:type="ecore:EReference" name="b10" lowerBound="1" eType="#//B" eOpposite="#//B/a10" />
    <eStructuralFeatures xsi:type="ecore:EReference" name="b11" eType="#//B" eOpposite="#//B/a11" />
    <eStructuralFeatures xsi:type="ecore:EReference" name="b12" lowerBound="1" upperBound="-1" eType="#//B" eOpposite="#//B/a12" />
    <eStructuralFeatures xsi:type="ecore:EReference" name="b13" upperBound="-1" eType="#//B" eOpposite="#//B/a13" />
    <eStructuralFeatures xsi:type="ecore:EReference" name="b14" lowerBound="1" eType="#//B" eOpposite="#//B/a14" />
    <eStructuralFeatures xsi:type="ecore:EReference" name="b15" eType="#//B" eOpposite="#//B/a15" />
    <eStructuralFeatures xsi:type="ecore:EReference" name="b16" lowerBound="1" upperBound="-1" eType="#//B" eOpposite="#//B/a16" />
  </eClassifiers>
  <eClassifiers xsi:type="ecore:EClass" name="B">
    <eStructuralFeatures xsi:type="ecore:EReference" name="a1" upperBound="-1" eType="#//A" eOpposite="#//A/b1" />
    <eStructuralFeatures xsi:type="ecore:EReference" name="a2" upperBound="-1" eType="#//A" eOpposite="#//A/b2" />
    <eStructuralFeatures xsi:type="ecore:EReference" name="a3" upperBound="-1" eType="#//A" eOpposite="#//A/b3" />
    <eStructuralFeatures xsi:type="ecore:EReference" name="a4" upperBound="-1" eType="#//A" eOpposite="#//A/b4" />
    <eStructuralFeatures xsi:type="ecore:EReference" name="a5" lowerBound="1" eType="#//A" eOpposite="#//A/b5" />
    <eStructuralFeatures xsi:type="ecore:EReference" name="a6" lowerBound="1" eType="#//A" eOpposite="#//A/b6" />
    <eStructuralFeatures xsi:type="ecore:EReference" name="a7" lowerBound="1" eType="#//A" eOpposite="#//A/b7" />
    <eStructuralFeatures xsi:type="ecore:EReference" name="a8" lowerBound="1" eType="#//A" eOpposite="#//A/b8" />
    <eStructuralFeatures xsi:type="ecore:EReference" name="a9" eType="#//A" eOpposite="#//A/b9" />
    <eStructuralFeatures xsi:type="ecore:EReference" name="a10" eType="#//A" eOpposite="#//A/b10" />
    <eStructuralFeatures xsi:type="ecore:EReference" name="a11" eType="#//A" eOpposite="#//A/b11" />
    <eStructuralFeatures xsi:type="ecore:EReference" name="a12" eType="#//A" eOpposite="#//A/b12" />
    <eStructuralFeatures xsi:type="ecore:EReference" name="a13" lowerBound="1" upperBound="-1" eType="#//A" eOpposite="#//A/b13" />
    <eStructuralFeatures xsi:type="ecore:EReference" name="a14" lowerBound="1" upperBound="-1" eType="#//A" eOpposite="#//A/b14" />
    <eStructuralFeatures xsi:type="ecore:EReference" name="a15" lowerBound="1" upperBound="-1" eType="#//A" eOpposite="#//A/b15" />
    <eStructuralFeatures xsi:type="ecore:EReference" name="a16" lowerBound="1" upperBound="-1" eType="#//A" eOpposite="#//A/b16" />
  </eClassifiers>
</ecore:EPackage>

<?xml version="1.0" encoding="UTF-8"?>
<ecore:EPackage xmi:version="2.0" xmlns:xmi="http://www.omg.org/XMI" xmlns:xsi="http://www.w3.org/2001/XMLSchema-instance" xmlns:ecore="http://www.eclipse.org/emf/2002/Ecore" name="MultipleInterfaces" nsURI="MultipleInterfaces" nsPrefix="MultipleInterfaces">
  <eClassifiers xsi:type="ecore:EClass" name="Ione" interface="true" abstract="true" />
  <eClassifiers xsi:type="ecore:EClass" name="Itwo" interface="true" abstract="true" />
  <eClassifiers xsi:type="ecore:EClass" name="A" eSuperTypes="#//Ione #//Itwo" />
</ecore:EPackage>

<?xml version="1.0" encoding="UTF-8"?>
<ecore:EPackage xmi:version="2.0" xmlns:xmi="http://www.omg.org/XMI" xmlns:xsi="http://www.w3.org/2001/XMLSchema-instance" xmlns:ecore="http://www.eclipse.org/emf/2002/Ecore" name="test" nsURI="test" nsPrefix="test">
  <eClassifiers xsi:type="ecore:EClass" name="A" interface="true" abstract="true" />
  <eClassifiers xsi:type="ecore:EClass" name="C" interface="true" abstract="true" />
  <eClassifiers xsi:type="ecore:EClass" name="B" />
  <eClassifiers xsi:type="ecore:EClass" name="D" eSuperTypes="#//B #//A #//C" />
</ecore:EPackage>

<?xml version="1.0" encoding="UTF-8"?>
<ecore:EPackage xmi:version="2.0" xmlns:xmi="http://www.omg.org/XMI" xmlns:xsi="http://www.w3.org/2001/XMLSchema-instance" xmlns:ecore="http://www.eclipse.org/emf/2002/Ecore" name="NoNamespace" nsURI="NoNamespace" nsPrefix="NoNamespace">
  <eClassifiers xsi:type="ecore:EClass" name="Student">
    <eStructuralFeatures xsi:type="ecore:EReference" name="n" lowerBound="1" eType="#//Mentor" eOpposite="#//Mentor/b" />
    <eStructuralFeatures xsi:type="ecore:EReference" name="o" lowerBound="3" upperBound="3" eType="#//Mentor" eOpposite="#//Mentor/c" />
    <eStructuralFeatures xsi:type="ecore:EReference" name="p" upperBound="-1" eType="#//Mentor" eOpposite="#//Mentor/d" />
    <eStructuralFeatures xsi:type="ecore:EReference" name="m" upperBound="4" eType="#//Mentor" eOpposite="#//Mentor/a" />
  </eClassifiers>
  <eClassifiers xsi:type="ecore:EClass" name="Mentor">
    <eStructuralFeatures xsi:type="ecore:EReference" name="b" upperBound="-1" eType="#//Student" eOpposite="#//Student/n" />
    <eStructuralFeatures xsi:type="ecore:EReference" name="c" lowerBound="1" eType="#//Student" eOpposite="#//Student/o" />
    <eStructuralFeatures xsi:type="ecore:EReference" name="d" lowerBound="3" upperBound="5" eType="#//Student" eOpposite="#//Student/p" />
    <eStructuralFeatures xsi:type="ecore:EReference" name="a" eType="#//Student" eOpposite="#//Student/m" />
  </eClassifiers>
</ecore:EPackage>

<?xml version="1.0" encoding="UTF-8"?>
<ecore:EPackage xmi:version="2.0" xmlns:xmi="http://www.omg.org/XMI" xmlns:xsi="http://www.w3.org/2001/XMLSchema-instance" xmlns:ecore="http://www.eclipse.org/emf/2002/Ecore" name="example" nsURI="example" nsPrefix="example">
  <eClassifiers xsi:type="ecore:EClass" name="A" interface="true" abstract="true" />
</ecore:EPackage>

<?xml version="1.0" encoding="UTF-8"?>
<ecore:EPackage xmi:version="2.0" xmlns:xmi="http://www.omg.org/XMI" xmlns:xsi="http://www.w3.org/2001/XMLSchema-instance" xmlns:ecore="http://www.eclipse.org/emf/2002/Ecore" name="example" nsURI="cruise.umple.example" nsPrefix="example">
  <eClassifiers xsi:type="ecore:EDataType" name="Date" instanceClassName="java.sql.Date" />
  <eClassifiers xsi:type="ecore:EDataType" name="Time" instanceClassName="java.sql.Time" />
  <eClassifiers xsi:type="ecore:EClass" name="ICart" interface="true" abstract="true" />
  <eClassifiers xsi:type="ecore:EClass" name="Person">
    <eStructuralFeatures xsi:type="ecore:EAttribute" name="myF" eType="ecore:EDataType http://www.eclipse.org/emf/2002/Ecore#//EFloat" />
    <eStructuralFeatures xsi:type="ecore:EAttribute" name="allMyF" upperBound="-1" eType="ecore:EDataType http://www.eclipse.org/emf/2002/Ecore#//EFloat" />
    <eStructuralFeatures xsi:type="ecore:EAttribute" name="myMap" transient="true">
      <eGenericType eClassifier="ecore:EDataType http://www.eclipse.org/emf/2002/Ecore#//EMap">
        <eTypeArguments eClassifier="ecore:EDataType http://www.eclipse.org/emf/2002/Ecore#//EEList">
          <eTypeArguments />
        </eTypeArguments>
        <eTypeArguments eClassifier="ecore:EDataType http://www.eclipse.org/emf/2002/Ecore#//EEList">
          <eTypeArguments />
        </eTypeArguments>
      </eGenericType>
    </eStructuralFeatures>
    <eStructuralFeatures xsi:type="ecore:EAttribute" name="anotherMap" transient="true">
      <eGenericType eClassifier="ecore:EDataType http://www.eclipse.org/emf/2002/Ecore#//EMap">
        <eTypeArguments eClassifier="ecore:EDataType http://www.eclipse.org/emf/2002/Ecore#//EString" />
        <eTypeArguments eClassifier="ecore:EDataType http://www.eclipse.org/emf/2002/Ecore#//EString" />
      </eGenericType>
    </eStructuralFeatures>
    <eStructuralFeatures xsi:type="ecore:EAttribute" name="status" eType="#//Status" />
    <eStructuralFeatures xsi:type="ecore:EReference" name="mentor" eType="#//Person" eOpposite="#//Person/student" />
    <eStructuralFeatures xsi:type="ecore:EReference" name="student" upperBound="-1" eType="#//Person" eOpposite="#//Person/mentor" />
  </eClassifiers>
  <eClassifiers xsi:type="ecore:EClass" name="Product">
    <eStructuralFeatures xsi:type="ecore:EAttribute" name="description" eType="ecore:EDataType http://www.eclipse.org/emf/2002/Ecore#//EString" />
    <eStructuralFeatures xsi:type="ecore:EAttribute" name="available" eType="ecore:EDataType http://www.eclipse.org/emf/2002/Ecore#//EInt" />
    <eStructuralFeatures xsi:type="ecore:EAttribute" name="price" eType="ecore:EDataType http://www.eclipse.org/emf/2002/Ecore#//EDouble" />
    <eStructuralFeatures xsi:type="ecore:EAttribute" name="createdDate" eType="#//Date" />
    <eStructuralFeatures xsi:type="ecore:EAttribute" name="createdTime" eType="#//Time" />
    <eStructuralFeatures xsi:type="ecore:EAttribute" name="isActive" eType="ecore:EDataType http://www.eclipse.org/emf/2002/Ecore#//EBoolean" />
    <eStructuralFeatures xsi:type="ecore:EAttribute" name="allAvailable" upperBound="-1" eType="ecore:EDataType http://www.eclipse.org/emf/2002/Ecore#//EInt" />
    <eStructuralFeatures xsi:type="ecore:EAttribute" name="allPrice" upperBound="-1" eType="ecore:EDataType http://www.eclipse.org/emf/2002/Ecore#//EDouble" />
    <eStructuralFeatures xsi:type="ecore:EAttribute" name="allCreatedDate" upperBound="-1" eType="#//Date" />
    <eStructuralFeatures xsi:type="ecore:EAttribute" name="allCreatedTime" upperBound="-1" eType="#//Time" />
    <eStructuralFeatures xsi:type="ecore:EAttribute" name="allIsActive" upperBound="-1" eType="ecore:EDataType http://www.eclipse.org/emf/2002/Ecore#//EBoolean" />
    <eStructuralFeatures xsi:type="ecore:EReference" name="addr" eType="#//Address" />
    <eStructuralFeatures xsi:type="ecore:EReference" name="allAddr" upperBound="-1" eType="#//Address" />
    <eStructuralFeatures xsi:type="ecore:EReference" name="item" lowerBound="3" upperBound="-1" eType="#//CartItem" eOpposite="#//CartItem/product" />
  </eClassifiers>
  <eClassifiers xsi:type="ecore:EClass" name="Address" />
  <eClassifiers xsi:type="ecore:EClass" name="Cart" eSuperTypes="#//ICart" />
  <eClassifiers xsi:type="ecore:EClass" name="CartItem">
    <eStructuralFeatures xsi:type="ecore:EReference" name="product" eType="#//Product" eOpposite="#//Product/item" />
    <eStructuralFeatures xsi:type="ecore:EReference" name="paymentMethods" lowerBound="4" upperBound="4" eType="#//PaymentMethod" eOpposite="#//PaymentMethod/item" />
  </eClassifiers>
  <eClassifiers xsi:type="ecore:EClass" name="PaymentMethod">
    <eStructuralFeatures xsi:type="ecore:EReference" name="item" upperBound="-1" eType="#//CartItem" eOpposite="#//CartItem/paymentMethods" />
  </eClassifiers>
  <eClassifiers xsi:type="ecore:EClass" name="Cheque" eSuperTypes="#//PaymentMethod" />
  <eClassifiers xsi:type="ecore:EEnum" name="Status">
    <eLiterals name="Registered" value="0" />
    <eLiterals name="Active" value="1" />
    <eLiterals name="Inactive" value="2" />
  </eClassifiers>
</ecore:EPackage>

<?xml version="1.0" encoding="UTF-8"?>
<ecore:EPackage xmi:version="2.0" xmlns:xmi="http://www.omg.org/XMI" xmlns:xsi="http://www.w3.org/2001/XMLSchema-instance" xmlns:ecore="http://www.eclipse.org/emf/2002/Ecore" name="example" nsURI="example" nsPrefix="example">
  <eClassifiers xsi:type="ecore:EDataType" name="Throwable" instanceClassName="java.lang.Throwable" />
  <eClassifiers xsi:type="ecore:EDataType" name="StringBuilder" instanceClassName="java.lang.StringBuilder" />
  <eClassifiers xsi:type="ecore:EDataType" name="File" instanceClassName="java.io.File" />
  <eClassifiers xsi:type="ecore:EDataType" name="HashSet" instanceClassName="java.util.HashSet" />
  <eClassifiers xsi:type="ecore:EDataType" name="BigDecimal" instanceClassName="BigDecimal" />
  <eClassifiers xsi:type="ecore:EClass" name="A">
    <eStructuralFeatures xsi:type="ecore:EAttribute" name="t1" eType="#//Throwable" />
    <eStructuralFeatures xsi:type="ecore:EAttribute" name="t2" upperBound="-1" eType="#//Throwable" />
    <eStructuralFeatures xsi:type="ecore:EAttribute" name="s1" eType="#//StringBuilder" />
    <eStructuralFeatures xsi:type="ecore:EAttribute" name="s2" upperBound="-1" eType="#//StringBuilder" />
    <eStructuralFeatures xsi:type="ecore:EAttribute" name="f1" eType="ecore:EDataType http://www.eclipse.org/emf/2002/Ecore#//EFloat" />
    <eStructuralFeatures xsi:type="ecore:EAttribute" name="f2" upperBound="-1" eType="ecore:EDataType http://www.eclipse.org/emf/2002/Ecore#//EFloat" />
  </eClassifiers>
  <eClassifiers xsi:type="ecore:EClass" name="B">
    <eStructuralFeatures xsi:type="ecore:EAttribute" name="file1" eType="#//File" />
    <eStructuralFeatures xsi:type="ecore:EAttribute" name="file2" upperBound="-1" eType="#//File" />
  </eClassifiers>
  <eClassifiers xsi:type="ecore:EClass" name="C">
    <eStructuralFeatures xsi:type="ecore:EAttribute" name="set1" eType="#//HashSet" />
    <eStructuralFeatures xsi:type="ecore:EAttribute" name="set2" eType="#//HashSet" />
  </eClassifiers>
  <eClassifiers xsi:type="ecore:EClass" name="D">
    <eStructuralFeatures xsi:type="ecore:EAttribute" name="bigDec1" eType="#//BigDecimal" />
    <eStructuralFeatures xsi:type="ecore:EAttribute" name="bigDec2" upperBound="-1" eType="#//BigDecimal" />
  </eClassifiers>
  <eClassifiers xsi:type="ecore:EClass" name="E">
    <eStructuralFeatures xsi:type="ecore:EAttribute" name="bigInt1" eType="ecore:EDataType http://www.eclipse.org/emf/2002/Ecore#//EBigInteger" />
    <eStructuralFeatures xsi:type="ecore:EAttribute" name="bigInt2" upperBound="-1" eType="ecore:EDataType http://www.eclipse.org/emf/2002/Ecore#//EBigInteger" />
    <eStructuralFeatures xsi:type="ecore:EAttribute" name="bigDec1" eType="ecore:EDataType http://www.eclipse.org/emf/2002/Ecore#//EBigDecimal" />
    <eStructuralFeatures xsi:type="ecore:EAttribute" name="bigDec2" upperBound="-1" eType="ecore:EDataType http://www.eclipse.org/emf/2002/Ecore#//EBigDecimal" />
    <eStructuralFeatures xsi:type="ecore:EAttribute" name="c1" eType="ecore:EDataType http://www.eclipse.org/emf/2002/Ecore#//EChar" />
    <eStructuralFeatures xsi:type="ecore:EAttribute" name="c2" upperBound="-1" eType="ecore:EDataType http://www.eclipse.org/emf/2002/Ecore#//EChar" />
    <eStructuralFeatures xsi:type="ecore:EAttribute" name="c3" eType="ecore:EDataType http://www.eclipse.org/emf/2002/Ecore#//ECharacterObject" />
    <eStructuralFeatures xsi:type="ecore:EAttribute" name="c4" upperBound="-1" eType="ecore:EDataType http://www.eclipse.org/emf/2002/Ecore#//ECharacterObject" />
    <eStructuralFeatures xsi:type="ecore:EAttribute" name="o1" eType="ecore:EDataType http://www.eclipse.org/emf/2002/Ecore#//EJavaObject" />
    <eStructuralFeatures xsi:type="ecore:EAttribute" name="o2" upperBound="-1" eType="ecore:EDataType http://www.eclipse.org/emf/2002/Ecore#//EJavaObject" />
  </eClassifiers>
</ecore:EPackage>

<?xml version="1.0" encoding="UTF-8"?>
<ecore:EPackage xmi:version="2.0" xmlns:xmi="http://www.omg.org/XMI" xmlns:xsi="http://www.w3.org/2001/XMLSchema-instance" xmlns:ecore="http://www.eclipse.org/emf/2002/Ecore" name="example" nsURI="example" nsPrefix="example">
  <eClassifiers xsi:type="ecore:EClass" name="Student">
    <eStructuralFeatures xsi:type="ecore:EReference" name="n" lowerBound="1" eType="#//Mentor" />
  </eClassifiers>
  <eClassifiers xsi:type="ecore:EClass" name="Mentor" />
  <eClassifiers xsi:type="ecore:EClass" name="Boss">
    <eStructuralFeatures xsi:type="ecore:EReference" name="c" upperBound="-1" eType="#//Mentor" />
  </eClassifiers>
</ecore:EPackage>

<?xml version="1.0" encoding="UTF-8"?>
<ecore:EPackage xmi:version="2.0" xmlns:xmi="http://www.omg.org/XMI" xmlns:xsi="http://www.w3.org/2001/XMLSchema-instance" xmlns:ecore="http://www.eclipse.org/emf/2002/Ecore" name="example" nsURI="example" nsPrefix="example">
  <eClassifiers xsi:type="ecore:EDataType" name="HashSet" instanceClassName="java.util.HashSet">
    <eTypeParameters name="Type1" />
  </eClassifiers>
  <eClassifiers xsi:type="ecore:EDataType" name="HashMap" instanceClassName="java.util.HashMap">
    <eTypeParameters name="Type1" />
    <eTypeParameters name="Type2" />
  </eClassifiers>
  <eClassifiers xsi:type="ecore:EClass" name="A" />
  <eClassifiers xsi:type="ecore:EClass" name="C" />
  <eClassifiers xsi:type="ecore:EClass" name="D">
    <eStructuralFeatures xsi:type="ecore:EAttribute" name="m1" transient="true">
      <eGenericType eClassifier="ecore:EDataType http://www.eclipse.org/emf/2002/Ecore#//EMap">
        <eTypeArguments eClassifier="ecore:EDataType http://www.eclipse.org/emf/2002/Ecore#//EString" />
        <eTypeArguments eClassifier="ecore:EDataType http://www.eclipse.org/emf/2002/Ecore#//EString" />
      </eGenericType>
    </eStructuralFeatures>
    <eStructuralFeatures xsi:type="ecore:EAttribute" name="m2" transient="true">
      <eGenericType eClassifier="ecore:EDataType http://www.eclipse.org/emf/2002/Ecore#//EMap">
        <eTypeArguments eClassifier="#//A" />
        <eTypeArguments eClassifier="ecore:EDataType http://www.eclipse.org/emf/2002/Ecore#//EBigInteger" />
      </eGenericType>
    </eStructuralFeatures>
    <eStructuralFeatures xsi:type="ecore:EAttribute" name="m3" transient="true">
      <eGenericType eClassifier="ecore:EDataType http://www.eclipse.org/emf/2002/Ecore#//EMap">
        <eTypeArguments eClassifier="#//A" />
        <eTypeArguments eClassifier="#//D" />
      </eGenericType>
    </eStructuralFeatures>
    <eStructuralFeatures xsi:type="ecore:EAttribute" name="m4" transient="true">
      <eGenericType eClassifier="ecore:EDataType http://www.eclipse.org/emf/2002/Ecore#//EMap">
        <eTypeArguments />
        <eTypeArguments />
      </eGenericType>
    </eStructuralFeatures>
    <eStructuralFeatures xsi:type="ecore:EAttribute" name="l1" transient="true">
      <eGenericType eClassifier="ecore:EDataType http://www.eclipse.org/emf/2002/Ecore#//EEList">
        <eTypeArguments eClassifier="ecore:EDataType http://www.eclipse.org/emf/2002/Ecore#//EString" />
      </eGenericType>
    </eStructuralFeatures>
    <eStructuralFeatures xsi:type="ecore:EAttribute" name="l2" transient="true">
      <eGenericType eClassifier="ecore:EDataType http://www.eclipse.org/emf/2002/Ecore#//EEList">
        <eTypeArguments eClassifier="ecore:EDataType http://www.eclipse.org/emf/2002/Ecore#//EBigDecimal" />
      </eGenericType>
    </eStructuralFeatures>
    <eStructuralFeatures xsi:type="ecore:EAttribute" name="l3" transient="true">
      <eGenericType eClassifier="ecore:EDataType http://www.eclipse.org/emf/2002/Ecore#//EEList">
        <eTypeArguments eClassifier="#//C" />
      </eGenericType>
    </eStructuralFeatures>
    <eStructuralFeatures xsi:type="ecore:EAttribute" name="l4" transient="true">
      <eGenericType eClassifier="ecore:EDataType http://www.eclipse.org/emf/2002/Ecore#//EEList">
        <eTypeArguments />
      </eGenericType>
    </eStructuralFeatures>
    <eStructuralFeatures xsi:type="ecore:EAttribute" name="c1" transient="true">
      <eGenericType eClassifier="ecore:EDataType http://www.eclipse.org/emf/2002/Ecore#//EJavaClass">
        <eTypeArguments eClassifier="ecore:EDataType http://www.eclipse.org/emf/2002/Ecore#//EString" />
      </eGenericType>
    </eStructuralFeatures>
    <eStructuralFeatures xsi:type="ecore:EAttribute" name="c2" transient="true">
      <eGenericType eClassifier="ecore:EDataType http://www.eclipse.org/emf/2002/Ecore#//EJavaClass">
        <eTypeArguments eClassifier="ecore:EDataType http://www.eclipse.org/emf/2002/Ecore#//EBigDecimal" />
      </eGenericType>
    </eStructuralFeatures>
    <eStructuralFeatures xsi:type="ecore:EAttribute" name="c3" transient="true">
      <eGenericType eClassifier="ecore:EDataType http://www.eclipse.org/emf/2002/Ecore#//EJavaClass">
        <eTypeArguments eClassifier="#//C" />
      </eGenericType>
    </eStructuralFeatures>
    <eStructuralFeatures xsi:type="ecore:EAttribute" name="c4" transient="true">
      <eGenericType eClassifier="ecore:EDataType http://www.eclipse.org/emf/2002/Ecore#//EJavaClass">
        <eTypeArguments />
      </eGenericType>
    </eStructuralFeatures>
    <eStructuralFeatures xsi:type="ecore:EAttribute" name="s1" transient="true">
      <eGenericType eClassifier="#//HashSet">
        <eTypeArguments eClassifier="ecore:EDataType http://www.eclipse.org/emf/2002/Ecore#//EString" />
      </eGenericType>
    </eStructuralFeatures>
    <eStructuralFeatures xsi:type="ecore:EAttribute" name="s2" transient="true">
      <eGenericType eClassifier="#//HashSet">
        <eTypeArguments eClassifier="#//A" />
      </eGenericType>
    </eStructuralFeatures>
    <eStructuralFeatures xsi:type="ecore:EAttribute" name="m5" transient="true">
      <eGenericType eClassifier="#//HashMap">
        <eTypeArguments eClassifier="ecore:EDataType http://www.eclipse.org/emf/2002/Ecore#//EString" />
        <eTypeArguments eClassifier="ecore:EDataType http://www.eclipse.org/emf/2002/Ecore#//EBigDecimal" />
      </eGenericType>
    </eStructuralFeatures>
    <eStructuralFeatures xsi:type="ecore:EAttribute" name="m6" transient="true">
      <eGenericType eClassifier="#//HashMap">
        <eTypeArguments eClassifier="ecore:EDataType http://www.eclipse.org/emf/2002/Ecore#//EBigDecimal" />
        <eTypeArguments eClassifier="#//A" />
      </eGenericType>
    </eStructuralFeatures>
  </eClassifiers>
</ecore:EPackage>

<?xml version="1.0" encoding="UTF-8"?>
<ecore:EPackage xmi:version="2.0" xmlns:xmi="http://www.omg.org/XMI" xmlns:xsi="http://www.w3.org/2001/XMLSchema-instance" xmlns:ecore="http://www.eclipse.org/emf/2002/Ecore" name="example" nsURI="example" nsPrefix="example">
  <eClassifiers xsi:type="ecore:EClass" name="A">
    <eStructuralFeatures xsi:type="ecore:EReference" name="b" eType="#//B" eOpposite="#//B/as" />
    <eStructuralFeatures xsi:type="ecore:EReference" name="c" lowerBound="1" eType="#//C" eOpposite="#//C/a" />
    <eStructuralFeatures xsi:type="ecore:EReference" name="ds" lowerBound="1" upperBound="-1" eType="#//D" eOpposite="#//D/a" />
    <eStructuralFeatures xsi:type="ecore:EReference" name="es" upperBound="-1" eType="#//E" eOpposite="#//E/as" />
    <eStructuralFeatures xsi:type="ecore:EReference" name="e2" upperBound="-1" eType="#//E" eOpposite="#//E/a2" />
  </eClassifiers>
  <eClassifiers xsi:type="ecore:EClass" name="B">
    <eStructuralFeatures xsi:type="ecore:EReference" name="as" upperBound="-1" eType="#//A" eOpposite="#//A/b" />
  </eClassifiers>
  <eClassifiers xsi:type="ecore:EClass" name="C">
    <eStructuralFeatures xsi:type="ecore:EReference" name="a" eType="#//A" eOpposite="#//A/c" />
  </eClassifiers>
  <eClassifiers xsi:type="ecore:EClass" name="D">
    <eStructuralFeatures xsi:type="ecore:EReference" name="a" lowerBound="1" eType="#//A" eOpposite="#//A/ds" />
  </eClassifiers>
  <eClassifiers xsi:type="ecore:EClass" name="E">
    <eStructuralFeatures xsi:type="ecore:EReference" name="as" lowerBound="1" upperBound="-1" eType="#//A" eOpposite="#//A/es" />
    <eStructuralFeatures xsi:type="ecore:EReference" name="a2" lowerBound="1" upperBound="-1" eType="#//A" eOpposite="#//A/e2" />
  </eClassifiers>
</ecore:EPackage>

<?xml version="1.0" encoding="UTF-8"?>
<ecore:EPackage xmi:version="2.0" xmlns:xmi="http://www.omg.org/XMI" xmlns:xsi="http://www.w3.org/2001/XMLSchema-instance" xmlns:ecore="http://www.eclipse.org/emf/2002/Ecore" name="example" nsURI="example" nsPrefix="example">
  <eClassifiers xsi:type="ecore:EClass" name="Student">
    <eStructuralFeatures xsi:type="ecore:EReference" name="n" lowerBound="1" eType="#//Mentor" eOpposite="#//Mentor/b" />
    <eStructuralFeatures xsi:type="ecore:EReference" name="o" lowerBound="3" upperBound="3" eType="#//Mentor" eOpposite="#//Mentor/c" />
    <eStructuralFeatures xsi:type="ecore:EReference" name="p" upperBound="-1" eType="#//Mentor" eOpposite="#//Mentor/d" />
    <eStructuralFeatures xsi:type="ecore:EReference" name="m" upperBound="4" eType="#//Mentor" eOpposite="#//Mentor/a" />
  </eClassifiers>
  <eClassifiers xsi:type="ecore:EClass" name="Mentor">
    <eStructuralFeatures xsi:type="ecore:EReference" name="b" upperBound="-1" eType="#//Student" eOpposite="#//Student/n" />
    <eStructuralFeatures xsi:type="ecore:EReference" name="c" lowerBound="1" eType="#//Student" eOpposite="#//Student/o" />
    <eStructuralFeatures xsi:type="ecore:EReference" name="d" lowerBound="3" upperBound="5" eType="#//Student" eOpposite="#//Student/p" />
    <eStructuralFeatures xsi:type="ecore:EReference" name="a" eType="#//Student" eOpposite="#//Student/m" />
  </eClassifiers>
</ecore:EPackage>

<?xml version="1.0" encoding="UTF-8"?>
<ecore:EPackage xmi:version="2.0" xmlns:xmi="http://www.omg.org/XMI" xmlns:xsi="http://www.w3.org/2001/XMLSchema-instance" xmlns:ecore="http://www.eclipse.org/emf/2002/Ecore" name="example" nsURI="example" nsPrefix="example">
  <eClassifiers xsi:type="ecore:EClass" name="Student" />
</ecore:EPackage>

]]></system-out>
  <system-err><![CDATA[]]></system-err>
</testsuite>
