<?xml version="1.0" encoding="UTF-8" ?>
<testsuite errors="0" failures="0" hostname="Abdulazizs-MacBook-Pro.local" name="cruise.umple.implementation.papyrus.PapyrusGeneratorTest" skipped="0" tests="5" time="0.06" timestamp="2021-10-26T14:28:11">
  <properties>
    <property name="ant.library.dir" value="/usr/local/Cellar/ant/1.10.9/libexec/lib" />
    <property name="env.TERM" value="xterm-256color" />
    <property name="java.specification.version" value="15" />
    <property name="ant.project.name" value="UmpleCore" />
    <property name="ant.file.type.UmpleCore" value="file" />
    <property name="sun.jnu.encoding" value="UTF-8" />
    <property name="ant.file.type.LocalBuildProperties" value="file" />
    <property name="env.SDKMAN_CANDIDATES_API" value="https://api.sdkman.io/2" />
    <property name="sun.arch.data.model" value="64" />
    <property name="dist.umple.docs.jar.prev" value="umpledocs-1.31.1.5860.78bb27cc6.jar" />
    <property name="rake_cmd" value="rake" />
    <property name="showJunitOutput" value="false" />
    <property name="umple.deps.dir" value="/Users/abdulaziz/tmp/umple/dist/libs" />
    <property name="java.vendor.url" value="https://openjdk.java.net/" />
    <property name="dist.libs.dir" value="/Users/abdulaziz/tmp/umple/dist/libs" />
    <property name="sun.boot.library.path" value="/usr/local/Cellar/openjdk/15.0.1/libexec/openjdk.jdk/Contents/Home/lib" />
    <property name="sun.java.command" value="org.apache.tools.ant.taskdefs.optional.junit.JUnitTestRunner testsfile=/Users/abdulaziz/tmp/umple/junittestcases9945622084601822128.properties skipNonTests=false filtertrace=true haltOnError=false haltOnFailure=false showoutput=false outputtoformatters=true logfailedtests=true threadid=0 logtestlistenerevents=false formatter=org.apache.tools.ant.taskdefs.optional.junit.XMLJUnitResultFormatter,/Users/abdulaziz/tmp/umple/dist/qa/cruise.umple/IGNORETHIS.xml crashfile=/Users/abdulaziz/tmp/umple/junitvmwatcher11280979461299836288.properties propsfile=/Users/abdulaziz/tmp/umple/junit10838995335343066243.properties" />
    <property name="jdk.debug" value="release" />
    <property name="java.specification.vendor" value="Oracle Corporation" />
    <property name="test.output.path" value="/Users/abdulaziz/tmp/umple/dist/qa/cruise.umple" />
    <property name="env.JAVA_HOME" value="/usr/local/opt/openjdk" />
    <property name="java.version.date" value="2020-10-20" />
    <property name="java.home" value="/usr/local/Cellar/openjdk/15.0.1/libexec/openjdk.jdk/Contents/Home" />
    <property name="basedir" value="/Users/abdulaziz/tmp/umple" />
    <property name="file.separator" value="/" />
    <property name="java.vm.compressedOopsMode" value="Zero based" />
    <property name="line.separator" value="&#xa;" />
    <property name="ivy.jar.file" value="/Users/abdulaziz/.ant/lib/ivy-2.4.0.jar" />
    <property name="java.specification.name" value="Java Platform API Specification" />
    <property name="java.vm.specification.vendor" value="Oracle Corporation" />
    <property name="ant.file.Template" value="/Users/abdulaziz/tmp/umple/build/_template.xml" />
    <property name="dist.umple.stats.jar" value="umplestats-1.31.1.5860.78bb27cc6.jar" />
    <property name="ivyRetrieveLogLevel" value="quiet" />
    <property name="sun.management.compiler" value="HotSpot 64-Bit Tiered Compilers" />
    <property name="java.runtime.version" value="15.0.1+9" />
    <property name="env.TERM_PROGRAM_VERSION" value="440" />
    <property name="user.name" value="abdulaziz" />
    <property name="env.PATH" value="/Users/abdulaziz/.sdkman/candidates/gradle/current/bin:/Library/Frameworks/Python.framework/Versions/3.9/bin:/usr/local/bin:/usr/bin:/bin:/usr/sbin:/sbin:/opt/X11/bin:/Library/Apple/usr/bin:/Library/Frameworks/Mono.framework/Versions/Current/Commands" />
    <property name="env.LOGNAME" value="abdulaziz" />
    <property name="env.XPC_FLAGS" value="0x0" />
    <property name="env.__CF_USER_TEXT_ENCODING" value="0x1F5:0x0:0x0" />
    <property name="file.encoding" value="UTF-8" />
    <property name="env.__CFBundleIdentifier" value="com.apple.Terminal" />
    <property name="env.TERM_SESSION_ID" value="20D2790F-0FEC-4CCB-A10B-030C8F4ED298" />
    <property name="umple.stable.jar" value="/Users/abdulaziz/tmp/umple/dist/libs/umple-1.31.1.5860.78bb27cc6.jar" />
    <property name="haltonfailure" value="false" />
    <property name="connectionTimeout" value="30" />
    <property name="env.SHLVL" value="1" />
    <property name="dist.dir" value="/Users/abdulaziz/tmp/umple/dist" />
    <property name="dist.path" value="/Users/abdulaziz/tmp/umple/dist/cruise.umple" />
    <property name="java.io.tmpdir" value="/var/folders/fm/7tjk7l8154x840c6vvrs49p40000gn/T/" />
    <property name="umple.ivy.dep.file" value="/Users/abdulaziz/tmp/umple/build/ivy.xml" />
    <property name="dist.umple.run.jar.prev" value="umplerun-1.31.1.5860.78bb27cc6.jar" />
    <property name="dist.umple.jar" value="umple-1.31.1.5860.78bb27cc6.jar" />
    <property name="java.version" value="15.0.1" />
    <property name="env.SSH_AUTH_SOCK" value="/private/tmp/com.apple.launchd.qK4l0KXsgu/Listeners" />
    <property name="java.vm.specification.name" value="Java Virtual Machine Specification" />
    <property name="ant.home" value="/usr/local/Cellar/ant/1.10.9/libexec" />
    <property name="ant.file.type.UmpleDeps" value="file" />
    <property name="env.SDKMAN_DIR" value="/Users/abdulaziz/.sdkman" />
    <property name="ant.version" value="Apache Ant(TM) version 1.10.9 compiled on September 27 2020" />
    <property name="env.TMPDIR" value="/var/folders/fm/7tjk7l8154x840c6vvrs49p40000gn/T/" />
    <property name="env.SDKMAN_PLATFORM" value="darwinx64" />
    <property name="java.library.path" value="/Users/abdulaziz/Library/Java/Extensions:/Library/Java/Extensions:/Network/Library/Java/Extensions:/System/Library/Java/Extensions:/usr/lib/java:." />
    <property name="java.vendor" value="N/A" />
    <property name="shouldPackageUmpleOnline" value="false" />
    <property name="dist.umple.validator.jar" value="umplevalidator-1.31.1.5860.78bb27cc6.jar" />
    <property name="sun.io.unicode.encoding" value="UnicodeBig" />
    <property name="jopt-simple.install.version" value="4.4" />
    <property name="socksNonProxyHosts" value="local|*.local|169.254/16|*.169.254/16" />
    <property name="env.SDKMAN_CANDIDATES_DIR" value="/Users/abdulaziz/.sdkman/candidates" />
    <property name="env.TERM_PROGRAM" value="Apple_Terminal" />
    <property name="vendors.path" value="/Users/abdulaziz/tmp/umple/dist/libs/vendors" />
    <property name="env.PWD" value="/Users/abdulaziz/tmp/umple/build" />
    <property name="ant.file.type" value="file" />
    <property name="last.version" value="1.31.1.5860.78bb27cc6" />
    <property name="env.LANG" value="en_CA.UTF-8" />
    <property name="ant.file.type.VersionLast" value="file" />
    <property name="java.class.path" value="/Users/abdulaziz/tmp/umple/cruise.umple/bin:/Users/abdulaziz/tmp/umple/dist/libs/core/ant-launcher.jar:/Users/abdulaziz/tmp/umple/dist/libs/core/ant.jar:/Users/abdulaziz/tmp/umple/dist/libs/core/jopt-simple.jar:/Users/abdulaziz/tmp/umple/dist/libs/test/hamcrest-core.jar:/Users/abdulaziz/tmp/umple/dist/libs/test/junit.jar:/Users/abdulaziz/.ant/lib/junit.jar:/usr/local/Cellar/ant/1.10.9/libexec/lib/ant-launcher.jar:/usr/local/Cellar/ant/1.10.9/libexec/lib/ant.jar:/usr/local/Cellar/ant/1.10.9/libexec/lib/ant-junit.jar:/usr/local/Cellar/ant/1.10.9/libexec/lib/ant-junit4.jar" />
    <property name="env.HOME" value="/Users/abdulaziz" />
    <property name="java.vm.vendor" value="Oracle Corporation" />
    <property name="env.GRADLE_HOME" value="/Users/abdulaziz/.sdkman/candidates/gradle/current" />
    <property name="xtext.project.path" value="cruise.umple.xtext" />
    <property name="ant.file.type.Template" value="file" />
    <property name="user.timezone" value="America/Toronto" />
    <property name="project.path" value="cruise.umple" />
    <property name="ant.file.UmpleDeps" value="/Users/abdulaziz/tmp/umple/build/build.deps.xml" />
    <property name="java.vm.specification.version" value="15" />
    <property name="os.name" value="Mac OS X" />
    <property name="env.DISPLAY" value="/private/tmp/com.apple.launchd.8VZUm1G4zQ/org.xquartz:0" />
    <property name="dist.umple.sync.jar" value="umplesync-1.31.1.5860.78bb27cc6.jar" />
    <property name="sun.java.launcher" value="SUN_STANDARD" />
    <property name="user.country" value="CA" />
    <property name="dist.umple.run.jar" value="umplerun-1.31.1.5860.78bb27cc6.jar" />
    <property name="http.nonProxyHosts" value="local|*.local|169.254/16|*.169.254/16" />
    <property name="sun.cpu.endian" value="little" />
    <property name="user.home" value="/Users/abdulaziz" />
    <property name="user.language" value="en" />
    <property name="ivy.install.version" value="2.4.0" />
    <property name="ant.java.version" value="15" />
    <property name="ant.file.type.Umple" value="file" />
    <property name="showJunitSummary" value="false" />
    <property name="bin.path" value="cruise.umple/bin" />
    <property name="umple.version" value="1.31.1.5860.78bb27cc6" />
    <property name="dist.umple.sync.jar.prev" value="umplesync-1.31.1.5860.78bb27cc6.jar" />
    <property name="ivyResolveLogLevel" value="download-only" />
    <property name="env.XPC_SERVICE_NAME" value="0" />
    <property name="user.home.ant" value="/Users/abdulaziz/.ant/lib" />
    <property name="ftp.nonProxyHosts" value="local|*.local|169.254/16|*.169.254/16" />
    <property name="is.osx" value="true" />
    <property name="dist.umple.stats.jar.prev" value="umplestats-1.31.1.5860.78bb27cc6.jar" />
    <property name="ant.file" value="/Users/abdulaziz/tmp/umple/build/build.umple.xml" />
    <property name="path.separator" value=":" />
    <property name="dist.umple.umplificator.jar.prev" value="umpleumplificator-1.31.1.5860.78bb27cc6.jar" />
    <property name="os.version" value="11.6" />
    <property name="ant.file.VersionLast" value="/Users/abdulaziz/tmp/umple/build/_versionLast.xml" />
    <property name="ant.file.Umple" value="/Users/abdulaziz/tmp/umple/build/build.xml" />
    <property name="java.runtime.name" value="OpenJDK Runtime Environment" />
    <property name="dist.umple.docs.jar" value="umpledocs-1.31.1.5860.78bb27cc6.jar" />
    <property name="ant.project.invoked-targets" value="template.test" />
    <property name="dist.umple.umplificator.jar" value="umpleumplificator-1.31.1.5860.78bb27cc6.jar" />
    <property name="java.vm.name" value="OpenJDK 64-Bit Server VM" />
    <property name="ant.file.LocalBuildProperties" value="/Users/abdulaziz/tmp/umple/build/_local.xml" />
    <property name="env.SHELL" value="/bin/zsh" />
    <property name="ant.core.lib" value="/usr/local/Cellar/ant/1.10.9/libexec/lib/ant.jar" />
    <property name="java.vendor.url.bug" value="https://bugreport.java.com/bugreport/" />
    <property name="junit" value="*Test" />
    <property name="user.dir" value="/Users/abdulaziz/tmp/umple/build" />
    <property name="os.arch" value="x86_64" />
    <property name="env.SDKMAN_VERSION" value="5.11.5+713" />
    <property name="shouldDeploy" value="false" />
    <property name="dist.umple.validator.jar.prev" value="umplevalidator-1.31.1.5860.78bb27cc6.jar" />
    <property name="java.vm.info" value="mixed mode, sharing" />
    <property name="java.vm.version" value="15.0.1+9" />
    <property name="ant.file.UmpleCore" value="/Users/abdulaziz/tmp/umple/build/build.umple.xml" />
    <property name="online" value="true" />
    <property name="myenv" value="local" />
    <property name="umple.deps.manual.dir" value="/Users/abdulaziz/tmp/umple/dist/libs/manual" />
    <property name="env.USER" value="abdulaziz" />
    <property name="java.class.version" value="59.0" />
    <property name="first.build" value="false" />
    <property name="dist.umple.jar.prev" value="umple-1.31.1.5860.78bb27cc6.jar" />
    <property name="env.JAVA_MAIN_CLASS_3280" value="org.apache.tools.ant.launch.Launcher" />
    <property name="ant.project.default-target" value="build" />
  </properties>
  <testcase classname="cruise.umple.implementation.papyrus.PapyrusGeneratorTest" name="Layout" time="0.005" />
  <testcase classname="cruise.umple.implementation.papyrus.PapyrusGeneratorTest" name="Papyrus" time="0.024" />
  <testcase classname="cruise.umple.implementation.papyrus.PapyrusGeneratorTest" name="Spaceship" time="0.014" />
  <testcase classname="cruise.umple.implementation.papyrus.PapyrusGeneratorTest" name="Associations" time="0.014" />
  <testcase classname="cruise.umple.implementation.papyrus.PapyrusGeneratorTest" name="avoidJunitError" time="0.001" />
  <system-out><![CDATA[<?xml version="1.0" encoding="UTF-8"?>
<uml:Model xmi:version="2.1" xmlns:xmi="http://schema.omg.org/spec/XMI/2.1" xmlns:ecore="http://www.eclipse.org/emf/2002/Ecore" xmlns:uml="http://www.eclipse.org/uml2/2.1.0/UML" xmi:id="_Layout" name="Layout">
  <packageImport xmi:id="_packageImport.0">
    <importedPackage xmi:type="uml:Model" href="pathmap://UML_LIBRARIES/UMLPrimitiveTypes.library.uml#_0"/>
  </packageImport>
  <packagedElement xmi:type="uml:Model" xmi:id="dataType" name="dataType">
    <packagedElement xmi:type="uml:PrimitiveType" xmi:id="dataType-Time" name="Time"/>
  </packagedElement>
  <packagedElement xmi:type="uml:Class" xmi:id="_X" name="X">
  </packagedElement>
  <packagedElement xmi:type="uml:Class" xmi:id="_Y" name="Y">
  </packagedElement>
  <packagedElement xmi:type="uml:Class" xmi:id="_Z" name="Z">
  </packagedElement>
  <packagedElement xmi:type="uml:Class" xmi:id="_A" name="A">
  </packagedElement>
  <packagedElement xmi:type="uml:Class" xmi:id="_B" name="B">
  </packagedElement>
  <packagedElement xmi:type="uml:Class" xmi:id="_C" name="C">
  </packagedElement>
  <packagedElement xmi:type="uml:Class" xmi:id="_D" name="D">
  </packagedElement>
  <packagedElement xmi:type="uml:Class" xmi:id="_E" name="E">
  </packagedElement>
  <packagedElement xmi:type="uml:Class" xmi:id="_F" name="F">
  </packagedElement>
  <packagedElement xmi:type="uml:Class" xmi:id="_G" name="G">
  </packagedElement>
  <packagedElement xmi:type="uml:Class" xmi:id="_H" name="H">
  </packagedElement>
  <profileApplication xmi:id="_profileApplication.0">
    <eAnnotations xmi:id="_eAnnotations.0" source="http://www.eclipse.org/uml2/2.0.0/UML">
      <references xmi:type="ecore:EPackage" href="http://www.eclipse.org/uml2/schemas/Standard/1#/"/>
    </eAnnotations>
    <appliedProfile href="pathmap://UML_PROFILES/Standard.profile.uml#_0"/>
  </profileApplication>
</uml:Model>

<?xml version="1.0" encoding="UTF-8"?>
<uml:Model xmi:version="2.1" xmlns:xmi="http://schema.omg.org/spec/XMI/2.1" xmlns:ecore="http://www.eclipse.org/emf/2002/Ecore" xmlns:uml="http://www.eclipse.org/uml2/2.1.0/UML" xmi:id="_Papyrus" name="Papyrus">
  <packageImport xmi:id="_packageImport.0">
    <importedPackage xmi:type="uml:Model" href="pathmap://UML_LIBRARIES/UMLPrimitiveTypes.library.uml#_0"/>
  </packageImport>
  <packagedElement xmi:type="uml:Model" xmi:id="dataType" name="dataType">
    <packagedElement xmi:type="uml:PrimitiveType" xmi:id="dataType-Time" name="Time"/>
  </packagedElement>
  <packagedElement xmi:type="uml:Class" xmi:id="_Product" name="Product">
    <ownedAttribute xmi:id="_Product-description" name="description" visibility="private">
      <type xmi:type="uml:PrimitiveType" href="pathmap://UML_LIBRARIES/UMLPrimitiveTypes.library.uml#String"/>
      <upperValue xmi:type="uml:LiteralUnlimitedNatural" xmi:id="_Product-description-_upperValue" value="1"/>
      <lowerValue xmi:type="uml:LiteralUnlimitedNatural" xmi:id="_Product-description-_lowerValue" value="1"/>
    </ownedAttribute>
    <ownedAttribute xmi:id="_Product-available" name="available" visibility="private">
      <type xmi:type="uml:PrimitiveType" href="pathmap://UML_LIBRARIES/UMLPrimitiveTypes.library.uml#Integer"/>
      <upperValue xmi:type="uml:LiteralUnlimitedNatural" xmi:id="_Product-available-_upperValue" value="1"/>
      <lowerValue xmi:type="uml:LiteralUnlimitedNatural" xmi:id="_Product-available-_lowerValue" value="1"/>
    </ownedAttribute>
    <ownedAttribute xmi:id="_Product-price" name="price" visibility="private">
      <type xmi:type="uml:PrimitiveType" href="pathmap://UML_METAMODELS/Ecore.metamodel.uml#EDouble"/>
      <upperValue xmi:type="uml:LiteralUnlimitedNatural" xmi:id="_Product-price-_upperValue" value="1"/>
      <lowerValue xmi:type="uml:LiteralUnlimitedNatural" xmi:id="_Product-price-_lowerValue" value="1"/>
    </ownedAttribute>
    <ownedAttribute xmi:id="_Product-createdDate" name="createdDate" visibility="private">
      <type xmi:type="uml:PrimitiveType" href="pathmap://UML_METAMODELS/Ecore.metamodel.uml#EDate"/>
      <upperValue xmi:type="uml:LiteralUnlimitedNatural" xmi:id="_Product-createdDate-_upperValue" value="1"/>
      <lowerValue xmi:type="uml:LiteralUnlimitedNatural" xmi:id="_Product-createdDate-_lowerValue" value="1"/>
    </ownedAttribute>
    <ownedAttribute xmi:id="_Product-createdTime" name="createdTime" visibility="private" type="dataType-Time">
      <upperValue xmi:type="uml:LiteralUnlimitedNatural" xmi:id="_Product-createdTime-_upperValue" value="1"/>
      <lowerValue xmi:type="uml:LiteralUnlimitedNatural" xmi:id="_Product-createdTime-_lowerValue" value="1"/>
    </ownedAttribute>
    <ownedAttribute xmi:id="_Product-isActive" name="isActive" visibility="private">
      <type xmi:type="uml:PrimitiveType" href="pathmap://UML_LIBRARIES/UMLPrimitiveTypes.library.uml#Boolean"/>
      <upperValue xmi:type="uml:LiteralUnlimitedNatural" xmi:id="_Product-isActive-_upperValue" value="1"/>
      <lowerValue xmi:type="uml:LiteralUnlimitedNatural" xmi:id="_Product-isActive-_lowerValue" value="1"/>
    </ownedAttribute>
    <ownedAttribute xmi:id="_Product-tax" name="tax" visibility="private">
      <type xmi:type="uml:PrimitiveType" href="pathmap://UML_METAMODELS/Ecore.metamodel.uml#EFloat"/>
      <upperValue xmi:type="uml:LiteralUnlimitedNatural" xmi:id="_Product-tax-_upperValue" value="1"/>
      <lowerValue xmi:type="uml:LiteralUnlimitedNatural" xmi:id="_Product-tax-_lowerValue" value="1"/>
    </ownedAttribute>
  </packagedElement>
  <packagedElement xmi:type="uml:Association" xmi:id="_CartItem:item__Product" name="CartItem:item__Product" memberEnd="_CartItem:item__Product-item _CartItem:item__Product-product" navigableOwnedEnd="_CartItem:item__Product-item _CartItem:item__Product-product">
    <ownedEnd xmi:id="_CartItem:item__Product-item" name="item" type="_CartItem" association="_CartItem:item__Product">
      <upperValue xmi:type="uml:LiteralUnlimitedNatural" xmi:id="_CartItem:item__Product-item-_upperValue" value="*"/>
      <lowerValue xmi:type="uml:LiteralInteger" xmi:id="_CartItem:item__Product-item-_lowerValue" value="3"/>
    </ownedEnd>
    <ownedEnd xmi:id="_CartItem:item__Product-product" name="product" type="_Product" association="_CartItem:item__Product">
      <upperValue xmi:type="uml:LiteralUnlimitedNatural" xmi:id="_CartItem:item__Product-product-_upperValue" value="1"/>
      <lowerValue xmi:type="uml:LiteralInteger" xmi:id="_CartItem:item__Product-product-_lowerValue" value="0"/>
    </ownedEnd>
  </packagedElement>
  <packagedElement xmi:type="uml:Class" xmi:id="_Cart" name="Cart">
    <interfaceRealization xmi:id="_Cart-_interfaceRealization.0" supplier="_ICart" client="_Cart" contract="_ICart"/>
  </packagedElement>
  <packagedElement xmi:type="uml:Class" xmi:id="_CartItem" name="CartItem">
  </packagedElement>
  <packagedElement xmi:type="uml:Class" xmi:id="_PaymentMethod" name="PaymentMethod">
  </packagedElement>
  <packagedElement xmi:type="uml:Class" xmi:id="_Cheque" name="Cheque">
    <generalization xmi:id="_Cheque-_generalization.0" general="_PaymentMethod"/>
  </packagedElement>
  <packagedElement xmi:type="uml:Interface" xmi:id="_ICart" name="ICart"/>
  <profileApplication xmi:id="_profileApplication.0">
    <eAnnotations xmi:id="_eAnnotations.0" source="http://www.eclipse.org/uml2/2.0.0/UML">
      <references xmi:type="ecore:EPackage" href="http://www.eclipse.org/uml2/schemas/Standard/1#/"/>
    </eAnnotations>
    <appliedProfile href="pathmap://UML_PROFILES/Standard.profile.uml#_0"/>
  </profileApplication>
</uml:Model>

<?xml version="1.0" encoding="UTF-8"?>
<uml:Model xmi:version="2.1" xmlns:xmi="http://schema.omg.org/spec/XMI/2.1" xmlns:ecore="http://www.eclipse.org/emf/2002/Ecore" xmlns:uml="http://www.eclipse.org/uml2/2.1.0/UML" xmi:id="_Spaceship" name="Spaceship">
  <packageImport xmi:id="_packageImport.0">
    <importedPackage xmi:type="uml:Model" href="pathmap://UML_LIBRARIES/UMLPrimitiveTypes.library.uml#_0"/>
  </packageImport>
  <packagedElement xmi:type="uml:Model" xmi:id="dataType" name="dataType">
    <packagedElement xmi:type="uml:PrimitiveType" xmi:id="dataType-Time" name="Time"/>
  </packagedElement>
  <packagedElement xmi:type="uml:Class" xmi:id="_Spaceship" name="Spaceship">
  </packagedElement>
  <packagedElement xmi:type="uml:Association" xmi:id="_Martian:pilots__Spaceship" name="Martian:pilots__Spaceship" memberEnd="_Martian:pilots__Spaceship-spaceship _Martian:pilots__Spaceship-pilots" navigableOwnedEnd="_Martian:pilots__Spaceship-spaceship _Martian:pilots__Spaceship-pilots">
    <ownedEnd xmi:id="_Martian:pilots__Spaceship-spaceship" name="spaceship" type="_Spaceship" association="_Martian:pilots__Spaceship">
      <upperValue xmi:type="uml:LiteralUnlimitedNatural" xmi:id="_Martian:pilots__Spaceship-spaceship-_upperValue" value="1"/>
      <lowerValue xmi:type="uml:LiteralInteger" xmi:id="_Martian:pilots__Spaceship-spaceship-_lowerValue" value="1"/>
    </ownedEnd>
    <ownedEnd xmi:id="_Martian:pilots__Spaceship-pilots" name="pilots" type="_Martian" association="_Martian:pilots__Spaceship">
      <upperValue xmi:type="uml:LiteralUnlimitedNatural" xmi:id="_Martian:pilots__Spaceship-pilots-_upperValue" value="*"/>
      <lowerValue xmi:type="uml:LiteralInteger" xmi:id="_Martian:pilots__Spaceship-pilots-_lowerValue" value="0"/>
    </ownedEnd>
  </packagedElement>
  <packagedElement xmi:type="uml:Class" xmi:id="_Martian" name="Martian">
    <ownedAttribute xmi:id="_Martian-name" name="name" visibility="private">
      <type xmi:type="uml:PrimitiveType" href="pathmap://UML_LIBRARIES/UMLPrimitiveTypes.library.uml#String"/>
      <upperValue xmi:type="uml:LiteralUnlimitedNatural" xmi:id="_Martian-name-_upperValue" value="1"/>
      <lowerValue xmi:type="uml:LiteralUnlimitedNatural" xmi:id="_Martian-name-_lowerValue" value="1"/>
    </ownedAttribute>
  </packagedElement>
  <profileApplication xmi:id="_profileApplication.0">
    <eAnnotations xmi:id="_eAnnotations.0" source="http://www.eclipse.org/uml2/2.0.0/UML">
      <references xmi:type="ecore:EPackage" href="http://www.eclipse.org/uml2/schemas/Standard/1#/"/>
    </eAnnotations>
    <appliedProfile href="pathmap://UML_PROFILES/Standard.profile.uml#_0"/>
  </profileApplication>
</uml:Model>

<?xml version="1.0" encoding="UTF-8"?>
<uml:Model xmi:version="2.1" xmlns:xmi="http://schema.omg.org/spec/XMI/2.1" xmlns:ecore="http://www.eclipse.org/emf/2002/Ecore" xmlns:uml="http://www.eclipse.org/uml2/2.1.0/UML" xmi:id="_Associations" name="Associations">
  <packageImport xmi:id="_packageImport.0">
    <importedPackage xmi:type="uml:Model" href="pathmap://UML_LIBRARIES/UMLPrimitiveTypes.library.uml#_0"/>
  </packageImport>
  <packagedElement xmi:type="uml:Model" xmi:id="dataType" name="dataType">
    <packagedElement xmi:type="uml:PrimitiveType" xmi:id="dataType-Time" name="Time"/>
  </packagedElement>
  <packagedElement xmi:type="uml:Class" xmi:id="_Student" name="Student">
  </packagedElement>
  <packagedElement xmi:type="uml:Association" xmi:id="_Mentor:n__Student:b" name="Mentor:n__Student:b" memberEnd="_Mentor:n__Student:b-b _Mentor:n__Student:b-n" navigableOwnedEnd="_Mentor:n__Student:b-b _Mentor:n__Student:b-n">
    <ownedEnd xmi:id="_Mentor:n__Student:b-b" name="b" type="_Student" association="_Mentor:n__Student:b">
      <upperValue xmi:type="uml:LiteralUnlimitedNatural" xmi:id="_Mentor:n__Student:b-b-_upperValue" value="*"/>
      <lowerValue xmi:type="uml:LiteralInteger" xmi:id="_Mentor:n__Student:b-b-_lowerValue" value="0"/>
    </ownedEnd>
    <ownedEnd xmi:id="_Mentor:n__Student:b-n" name="n" type="_Mentor" association="_Mentor:n__Student:b">
      <upperValue xmi:type="uml:LiteralUnlimitedNatural" xmi:id="_Mentor:n__Student:b-n-_upperValue" value="1"/>
      <lowerValue xmi:type="uml:LiteralInteger" xmi:id="_Mentor:n__Student:b-n-_lowerValue" value="1"/>
    </ownedEnd>
  </packagedElement>
  <packagedElement xmi:type="uml:Association" xmi:id="_Mentor:o__Student:c" name="Mentor:o__Student:c" memberEnd="_Mentor:o__Student:c-c _Mentor:o__Student:c-o" navigableOwnedEnd="_Mentor:o__Student:c-c _Mentor:o__Student:c-o">
    <ownedEnd xmi:id="_Mentor:o__Student:c-c" name="c" type="_Student" association="_Mentor:o__Student:c">
      <upperValue xmi:type="uml:LiteralUnlimitedNatural" xmi:id="_Mentor:o__Student:c-c-_upperValue" value="1"/>
      <lowerValue xmi:type="uml:LiteralInteger" xmi:id="_Mentor:o__Student:c-c-_lowerValue" value="1"/>
    </ownedEnd>
    <ownedEnd xmi:id="_Mentor:o__Student:c-o" name="o" type="_Mentor" association="_Mentor:o__Student:c">
      <upperValue xmi:type="uml:LiteralUnlimitedNatural" xmi:id="_Mentor:o__Student:c-o-_upperValue" value="3"/>
      <lowerValue xmi:type="uml:LiteralInteger" xmi:id="_Mentor:o__Student:c-o-_lowerValue" value="3"/>
    </ownedEnd>
  </packagedElement>
  <packagedElement xmi:type="uml:Association" xmi:id="_Mentor:p__Student:d" name="Mentor:p__Student:d" memberEnd="_Mentor:p__Student:d-d _Mentor:p__Student:d-p" navigableOwnedEnd="_Mentor:p__Student:d-d _Mentor:p__Student:d-p">
    <ownedEnd xmi:id="_Mentor:p__Student:d-d" name="d" type="_Student" association="_Mentor:p__Student:d">
      <upperValue xmi:type="uml:LiteralUnlimitedNatural" xmi:id="_Mentor:p__Student:d-d-_upperValue" value="5"/>
      <lowerValue xmi:type="uml:LiteralInteger" xmi:id="_Mentor:p__Student:d-d-_lowerValue" value="3"/>
    </ownedEnd>
    <ownedEnd xmi:id="_Mentor:p__Student:d-p" name="p" type="_Mentor" association="_Mentor:p__Student:d">
      <upperValue xmi:type="uml:LiteralUnlimitedNatural" xmi:id="_Mentor:p__Student:d-p-_upperValue" value="*"/>
      <lowerValue xmi:type="uml:LiteralInteger" xmi:id="_Mentor:p__Student:d-p-_lowerValue" value="0"/>
    </ownedEnd>
  </packagedElement>
  <packagedElement xmi:type="uml:Association" xmi:id="_Supervisor" name="Supervisor" memberEnd="_Supervisor-a _Supervisor-m" navigableOwnedEnd="_Supervisor-a _Supervisor-m">
    <ownedEnd xmi:id="_Supervisor-a" name="a" type="_Student" association="_Supervisor">
      <upperValue xmi:type="uml:LiteralUnlimitedNatural" xmi:id="_Supervisor-a-_upperValue" value="1"/>
      <lowerValue xmi:type="uml:LiteralInteger" xmi:id="_Supervisor-a-_lowerValue" value="0"/>
    </ownedEnd>
    <ownedEnd xmi:id="_Supervisor-m" name="m" type="_Mentor" association="_Supervisor">
      <upperValue xmi:type="uml:LiteralUnlimitedNatural" xmi:id="_Supervisor-m-_upperValue" value="4"/>
      <lowerValue xmi:type="uml:LiteralInteger" xmi:id="_Supervisor-m-_lowerValue" value="0"/>
    </ownedEnd>
  </packagedElement>
  <packagedElement xmi:type="uml:Class" xmi:id="_Mentor" name="Mentor">
  </packagedElement>
  <profileApplication xmi:id="_profileApplication.0">
    <eAnnotations xmi:id="_eAnnotations.0" source="http://www.eclipse.org/uml2/2.0.0/UML">
      <references xmi:type="ecore:EPackage" href="http://www.eclipse.org/uml2/schemas/Standard/1#/"/>
    </eAnnotations>
    <appliedProfile href="pathmap://UML_PROFILES/Standard.profile.uml#_0"/>
  </profileApplication>
</uml:Model>

]]></system-out>
  <system-err><![CDATA[]]></system-err>
</testsuite>
